# JRE version: Java(TM) SE Runtime Environment (8.0_301-b09) (build 1.8.0_301-b09)
# Java VM: Java HotSpot(TM) 64-Bit Server VM (25.301-b09 mixed mode windows-amd64 compressed oops)
Heap:
 PSYoungGen      total 1035776K, used 209073K [0x0000000716100000, 0x0000000765e00000, 0x00000007c0000000)
  eden space 911872K, 9% used [0x0000000716100000,0x000000071b42ee90,0x000000074db80000)
  from space 123904K, 99% used [0x0000000757a80000,0x000000075f37d650,0x000000075f380000)
  to   space 162816K, 0% used [0x000000074db80000,0x000000074db80000,0x0000000757a80000)
 ParOldGen       total 696832K, used 259805K [0x00000005c2200000, 0x00000005eca80000, 0x0000000716100000)
  object space 696832K, 37% used [0x00000005c2200000,0x00000005d1fb74b0,0x00000005eca80000)
 Metaspace       used 110633K, capacity 114697K, committed 115020K, reserved 1146880K
  class space    used 16288K, capacity 16892K, committed 16984K, reserved 1048576K
GC Heap History (10 events):
Event: 57.008 GC heap before
{Heap before GC invocations=16 (full 4):
 PSYoungGen      total 645632K, used 645606K [0x0000000716100000, 0x000000074d880000, 0x00000007c0000000)
  eden space 580096K, 100% used [0x0000000716100000,0x0000000739780000,0x0000000739780000)
  from space 65536K, 99% used [0x0000000739780000,0x000000073d7798a8,0x000000073d780000)
  to   space 93696K, 0% used [0x0000000747d00000,0x0000000747d00000,0x000000074d880000)
 ParOldGen       total 696832K, used 202819K [0x00000005c2200000, 0x00000005eca80000, 0x0000000716100000)
  object space 696832K, 29% used [0x00000005c2200000,0x00000005ce810fc0,0x00000005eca80000)
 Metaspace       used 109087K, capacity 113087K, committed 113356K, reserved 1146880K
  class space    used 16176K, capacity 16737K, committed 16856K, reserved 1048576K
Event: 57.035 GC heap after
Heap after GC invocations=16 (full 4):
 PSYoungGen      total 797696K, used 86851K [0x0000000716100000, 0x000000074dd80000, 0x00000007c0000000)
  eden space 704000K, 0% used [0x0000000716100000,0x0000000716100000,0x0000000741080000)
  from space 93696K, 92% used [0x0000000747d00000,0x000000074d1d0c90,0x000000074d880000)
  to   space 104960K, 0% used [0x0000000741080000,0x0000000741080000,0x0000000747700000)
 ParOldGen       total 696832K, used 202835K [0x00000005c2200000, 0x00000005eca80000, 0x0000000716100000)
  object space 696832K, 29% used [0x00000005c2200000,0x00000005ce814fc0,0x00000005eca80000)
 Metaspace       used 109087K, capacity 113087K, committed 113356K, reserved 1146880K
  class space    used 16176K, capacity 16737K, committed 16856K, reserved 1048576K
}
Event: 66.280 GC heap before
{Heap before GC invocations=17 (full 4):
 PSYoungGen      total 797696K, used 790851K [0x0000000716100000, 0x000000074dd80000, 0x00000007c0000000)
  eden space 704000K, 100% used [0x0000000716100000,0x0000000741080000,0x0000000741080000)
  from space 93696K, 92% used [0x0000000747d00000,0x000000074d1d0c90,0x000000074d880000)
  to   space 104960K, 0% used [0x0000000741080000,0x0000000741080000,0x0000000747700000)
 ParOldGen       total 696832K, used 202835K [0x00000005c2200000, 0x00000005eca80000, 0x0000000716100000)
  object space 696832K, 29% used [0x00000005c2200000,0x00000005ce814fc0,0x00000005eca80000)
 Metaspace       used 109248K, capacity 113159K, committed 113356K, reserved 1146880K
  class space    used 16200K, capacity 16739K, committed 16856K, reserved 1048576K
Event: 66.309 GC heap after
Heap after GC invocations=17 (full 4):
 PSYoungGen      total 808960K, used 81551K [0x0000000716100000, 0x0000000756b80000, 0x00000007c0000000)
  eden space 704000K, 0% used [0x0000000716100000,0x0000000716100000,0x0000000741080000)
  from space 104960K, 77% used [0x0000000741080000,0x0000000746023d70,0x0000000747700000)
  to   space 111616K, 0% used [0x000000074fe80000,0x000000074fe80000,0x0000000756b80000)
 ParOldGen       total 696832K, used 202843K [0x00000005c2200000, 0x00000005eca80000, 0x0000000716100000)
  object space 696832K, 29% used [0x00000005c2200000,0x00000005ce816fc0,0x00000005eca80000)
 Metaspace       used 109248K, capacity 113159K, committed 113356K, reserved 1146880K
  class space    used 16200K, capacity 16739K, committed 16856K, reserved 1048576K
}
Event: 72.035 GC heap before
{Heap before GC invocations=18 (full 4):
 PSYoungGen      total 808960K, used 785484K [0x0000000716100000, 0x0000000756b80000, 0x00000007c0000000)
  eden space 704000K, 99% used [0x0000000716100000,0x000000074106f530,0x0000000741080000)
  from space 104960K, 77% used [0x0000000741080000,0x0000000746023d70,0x0000000747700000)
  to   space 111616K, 0% used [0x000000074fe80000,0x000000074fe80000,0x0000000756b80000)
 ParOldGen       total 696832K, used 202843K [0x00000005c2200000, 0x00000005eca80000, 0x0000000716100000)
  object space 696832K, 29% used [0x00000005c2200000,0x00000005ce816fc0,0x00000005eca80000)
 Metaspace       used 109470K, capacity 113479K, committed 113612K, reserved 1146880K
  class space    used 16223K, capacity 16803K, committed 16856K, reserved 1048576K
Event: 72.062 GC heap after
Heap after GC invocations=18 (full 4):
 PSYoungGen      total 936960K, used 88278K [0x0000000716100000, 0x0000000757000000, 0x00000007c0000000)
  eden space 825344K, 0% used [0x0000000716100000,0x0000000716100000,0x0000000748700000)
  from space 111616K, 79% used [0x000000074fe80000,0x00000007554b5a78,0x0000000756b80000)
  to   space 119296K, 0% used [0x0000000748700000,0x0000000748700000,0x000000074fb80000)
 ParOldGen       total 696832K, used 202851K [0x00000005c2200000, 0x00000005eca80000, 0x0000000716100000)
  object space 696832K, 29% used [0x00000005c2200000,0x00000005ce818fc0,0x00000005eca80000)
 Metaspace       used 109470K, capacity 113479K, committed 113612K, reserved 1146880K
  class space    used 16223K, capacity 16803K, committed 16856K, reserved 1048576K
}
Event: 79.588 GC heap before
{Heap before GC invocations=19 (full 4):
 PSYoungGen      total 936960K, used 913622K [0x0000000716100000, 0x0000000757000000, 0x00000007c0000000)
  eden space 825344K, 100% used [0x0000000716100000,0x0000000748700000,0x0000000748700000)
  from space 111616K, 79% used [0x000000074fe80000,0x00000007554b5a78,0x0000000756b80000)
  to   space 119296K, 0% used [0x0000000748700000,0x0000000748700000,0x000000074fb80000)
 ParOldGen       total 696832K, used 202851K [0x00000005c2200000, 0x00000005eca80000, 0x0000000716100000)
  object space 696832K, 29% used [0x00000005c2200000,0x00000005ce818fc0,0x00000005eca80000)
 Metaspace       used 110033K, capacity 113989K, committed 114124K, reserved 1146880K
  class space    used 16251K, capacity 16818K, committed 16856K, reserved 1048576K
Event: 79.608 GC heap after
Heap after GC invocations=19 (full 4):
 PSYoungGen      total 944640K, used 83349K [0x0000000716100000, 0x000000075f380000, 0x00000007c0000000)
  eden space 825344K, 0% used [0x0000000716100000,0x0000000716100000,0x0000000748700000)
  from space 119296K, 69% used [0x0000000748700000,0x000000074d865690,0x000000074fb80000)
  to   space 123904K, 0% used [0x0000000757a80000,0x0000000757a80000,0x000000075f380000)
 ParOldGen       total 696832K, used 202859K [0x00000005c2200000, 0x00000005eca80000, 0x0000000716100000)
  object space 696832K, 29% used [0x00000005c2200000,0x00000005ce81afc0,0x00000005eca80000)
 Metaspace       used 110033K, capacity 113989K, committed 114124K, reserved 1146880K
  class space    used 16251K, capacity 16818K, committed 16856K, reserved 1048576K
}
Event: 83.362 GC heap before
{Heap before GC invocations=20 (full 4):
 PSYoungGen      total 944640K, used 908693K [0x0000000716100000, 0x000000075f380000, 0x00000007c0000000)
  eden space 825344K, 100% used [0x0000000716100000,0x0000000748700000,0x0000000748700000)
  from space 119296K, 69% used [0x0000000748700000,0x000000074d865690,0x000000074fb80000)
  to   space 123904K, 0% used [0x0000000757a80000,0x0000000757a80000,0x000000075f380000)
 ParOldGen       total 696832K, used 202859K [0x00000005c2200000, 0x00000005eca80000, 0x0000000716100000)
  object space 696832K, 29% used [0x00000005c2200000,0x00000005ce81afc0,0x00000005eca80000)
 Metaspace       used 110523K, capacity 114633K, committed 114764K, reserved 1146880K
  class space    used 16288K, capacity 16892K, committed 16984K, reserved 1048576K
Event: 83.421 GC heap after
Heap after GC invocations=20 (full 4):
 PSYoungGen      total 1035776K, used 123893K [0x0000000716100000, 0x0000000765e00000, 0x00000007c0000000)
  eden space 911872K, 0% used [0x0000000716100000,0x0000000716100000,0x000000074db80000)
  from space 123904K, 99% used [0x0000000757a80000,0x000000075f37d650,0x000000075f380000)
  to   space 162816K, 0% used [0x000000074db80000,0x000000074db80000,0x0000000757a80000)
 ParOldGen       total 696832K, used 259805K [0x00000005c2200000, 0x00000005eca80000, 0x0000000716100000)
  object space 696832K, 37% used [0x00000005c2200000,0x00000005d1fb74b0,0x00000005eca80000)
 Metaspace       used 110523K, capacity 114633K, committed 114764K, reserved 1146880K
  class space    used 16288K, capacity 16892K, committed 16984K, reserved 1048576K
}

