# JRE version: Java(TM) SE Runtime Environment (8.0_141-b15) (build 1.8.0_141-b15)
# Java VM: Java HotSpot(TM) 64-Bit Server VM (25.141-b15 mixed mode windows-amd64 compressed oops)
Heap:
 PSYoungGen      total 684544K, used 92804K [0x0000000716100000, 0x000000074fe00000, 0x00000007c0000000)
  eden space 603136K, 1% used [0x0000000716100000,0x0000000716c28b68,0x000000073ae00000)
  from space 81408K, 99% used [0x000000073ae00000,0x000000073fd786f8,0x000000073fd80000)
  to   space 106496K, 0% used [0x0000000749600000,0x0000000749600000,0x000000074fe00000)
 ParOldGen       total 687104K, used 187229K [0x00000005c2200000, 0x00000005ec100000, 0x0000000716100000)
  object space 687104K, 27% used [0x00000005c2200000,0x00000005cd8d7700,0x00000005ec100000)
 Metaspace       used 101603K, capacity 105039K, committed 105432K, reserved 1138688K
  class space    used 15470K, capacity 15955K, committed 16088K, reserved 1048576K
GC Heap History (10 events):
Event: 30.422 GC heap before
{Heap before GC invocations=11 (full 3):
 PSYoungGen      total 441344K, used 368640K [0x0000000716100000, 0x000000073f700000, 0x00000007c0000000)
  eden space 368640K, 100% used [0x0000000716100000,0x000000072c900000,0x000000072c900000)
  from space 72704K, 0% used [0x000000072c900000,0x000000072c900000,0x0000000731000000)
  to   space 90624K, 0% used [0x0000000739e80000,0x0000000739e80000,0x000000073f700000)
 ParOldGen       total 513024K, used 115974K [0x00000005c2200000, 0x00000005e1700000, 0x0000000716100000)
  object space 513024K, 22% used [0x00000005c2200000,0x00000005c9341840,0x00000005e1700000)
 Metaspace       used 70076K, capacity 72695K, committed 72792K, reserved 1112064K
  class space    used 10397K, capacity 10815K, committed 10840K, reserved 1048576K
Event: 30.432 GC heap after
Heap after GC invocations=11 (full 3):
 PSYoungGen      total 589824K, used 32257K [0x0000000716100000, 0x000000073f500000, 0x00000007c0000000)
  eden space 501248K, 0% used [0x0000000716100000,0x0000000716100000,0x0000000734a80000)
  from space 88576K, 36% used [0x0000000739e80000,0x000000073be00788,0x000000073f500000)
  to   space 86016K, 0% used [0x0000000734a80000,0x0000000734a80000,0x0000000739e80000)
 ParOldGen       total 513024K, used 115987K [0x00000005c2200000, 0x00000005e1700000, 0x0000000716100000)
  object space 513024K, 22% used [0x00000005c2200000,0x00000005c9344ed8,0x00000005e1700000)
 Metaspace       used 70076K, capacity 72695K, committed 72792K, reserved 1112064K
  class space    used 10397K, capacity 10815K, committed 10840K, reserved 1048576K
}
Event: 32.327 GC heap before
{Heap before GC invocations=12 (full 3):
 PSYoungGen      total 589824K, used 533505K [0x0000000716100000, 0x000000073f500000, 0x00000007c0000000)
  eden space 501248K, 100% used [0x0000000716100000,0x0000000734a80000,0x0000000734a80000)
  from space 88576K, 36% used [0x0000000739e80000,0x000000073be00788,0x000000073f500000)
  to   space 86016K, 0% used [0x0000000734a80000,0x0000000734a80000,0x0000000739e80000)
 ParOldGen       total 513024K, used 115990K [0x00000005c2200000, 0x00000005e1700000, 0x0000000716100000)
  object space 513024K, 22% used [0x00000005c2200000,0x00000005c9345850,0x00000005e1700000)
 Metaspace       used 85881K, capacity 89219K, committed 89304K, reserved 1124352K
  class space    used 14037K, capacity 14498K, committed 14552K, reserved 1048576K
Event: 32.344 GC heap after
Heap after GC invocations=12 (full 3):
 PSYoungGen      total 587264K, used 36707K [0x0000000716100000, 0x0000000744c80000, 0x00000007c0000000)
  eden space 501248K, 0% used [0x0000000716100000,0x0000000716100000,0x0000000734a80000)
  from space 86016K, 42% used [0x0000000734a80000,0x0000000736e58ca8,0x0000000739e80000)
  to   space 80896K, 0% used [0x000000073fd80000,0x000000073fd80000,0x0000000744c80000)
 ParOldGen       total 513024K, used 115998K [0x00000005c2200000, 0x00000005e1700000, 0x0000000716100000)
  object space 513024K, 22% used [0x00000005c2200000,0x00000005c9347850,0x00000005e1700000)
 Metaspace       used 85881K, capacity 89219K, committed 89304K, reserved 1124352K
  class space    used 14037K, capacity 14498K, committed 14552K, reserved 1048576K
}
Event: 33.328 GC heap before
{Heap before GC invocations=13 (full 3):
 PSYoungGen      total 587264K, used 336387K [0x0000000716100000, 0x0000000744c80000, 0x00000007c0000000)
  eden space 501248K, 59% used [0x0000000716100000,0x00000007285a8070,0x0000000734a80000)
  from space 86016K, 42% used [0x0000000734a80000,0x0000000736e58ca8,0x0000000739e80000)
  to   space 80896K, 0% used [0x000000073fd80000,0x000000073fd80000,0x0000000744c80000)
 ParOldGen       total 513024K, used 115998K [0x00000005c2200000, 0x00000005e1700000, 0x0000000716100000)
  object space 513024K, 22% used [0x00000005c2200000,0x00000005c9347850,0x00000005e1700000)
 Metaspace       used 94699K, capacity 98145K, committed 98280K, reserved 1132544K
  class space    used 14911K, capacity 15397K, committed 15448K, reserved 1048576K
Event: 33.344 GC heap after
Heap after GC invocations=13 (full 3):
 PSYoungGen      total 684032K, used 50164K [0x0000000716100000, 0x0000000745000000, 0x00000007c0000000)
  eden space 603136K, 0% used [0x0000000716100000,0x0000000716100000,0x000000073ae00000)
  from space 80896K, 62% used [0x000000073fd80000,0x0000000742e7d290,0x0000000744c80000)
  to   space 81408K, 0% used [0x000000073ae00000,0x000000073ae00000,0x000000073fd80000)
 ParOldGen       total 513024K, used 116022K [0x00000005c2200000, 0x00000005e1700000, 0x0000000716100000)
  object space 513024K, 22% used [0x00000005c2200000,0x00000005c934d850,0x00000005e1700000)
 Metaspace       used 94699K, capacity 98145K, committed 98280K, reserved 1132544K
  class space    used 14911K, capacity 15397K, committed 15448K, reserved 1048576K
}
Event: 33.344 GC heap before
{Heap before GC invocations=14 (full 4):
 PSYoungGen      total 684032K, used 50164K [0x0000000716100000, 0x0000000745000000, 0x00000007c0000000)
  eden space 603136K, 0% used [0x0000000716100000,0x0000000716100000,0x000000073ae00000)
  from space 80896K, 62% used [0x000000073fd80000,0x0000000742e7d290,0x0000000744c80000)
  to   space 81408K, 0% used [0x000000073ae00000,0x000000073ae00000,0x000000073fd80000)
 ParOldGen       total 513024K, used 116022K [0x00000005c2200000, 0x00000005e1700000, 0x0000000716100000)
  object space 513024K, 22% used [0x00000005c2200000,0x00000005c934d850,0x00000005e1700000)
 Metaspace       used 94699K, capacity 98145K, committed 98280K, reserved 1132544K
  class space    used 14911K, capacity 15397K, committed 15448K, reserved 1048576K
Event: 33.494 GC heap after
Heap after GC invocations=14 (full 4):
 PSYoungGen      total 684032K, used 0K [0x0000000716100000, 0x0000000745000000, 0x00000007c0000000)
  eden space 603136K, 0% used [0x0000000716100000,0x0000000716100000,0x000000073ae00000)
  from space 80896K, 0% used [0x000000073fd80000,0x000000073fd80000,0x0000000744c80000)
  to   space 81408K, 0% used [0x000000073ae00000,0x000000073ae00000,0x000000073fd80000)
 ParOldGen       total 687104K, used 149912K [0x00000005c2200000, 0x00000005ec100000, 0x0000000716100000)
  object space 687104K, 21% used [0x00000005c2200000,0x00000005cb466028,0x00000005ec100000)
 Metaspace       used 94633K, capacity 97979K, committed 98280K, reserved 1132544K
  class space    used 14908K, capacity 15387K, committed 15448K, reserved 1048576K
}
Event: 35.197 GC heap before
{Heap before GC invocations=15 (full 4):
 PSYoungGen      total 684032K, used 603136K [0x0000000716100000, 0x0000000745000000, 0x00000007c0000000)
  eden space 603136K, 100% used [0x0000000716100000,0x000000073ae00000,0x000000073ae00000)
  from space 80896K, 0% used [0x000000073fd80000,0x000000073fd80000,0x0000000744c80000)
  to   space 81408K, 0% used [0x000000073ae00000,0x000000073ae00000,0x000000073fd80000)
 ParOldGen       total 687104K, used 149912K [0x00000005c2200000, 0x00000005ec100000, 0x0000000716100000)
  object space 687104K, 21% used [0x00000005c2200000,0x00000005cb466028,0x00000005ec100000)
 Metaspace       used 101571K, capacity 104975K, committed 105432K, reserved 1138688K
  class space    used 15467K, capacity 15955K, committed 16088K, reserved 1048576K
Event: 35.230 GC heap after
Heap after GC invocations=15 (full 4):
 PSYoungGen      total 684544K, used 81377K [0x0000000716100000, 0x000000074fe00000, 0x00000007c0000000)
  eden space 603136K, 0% used [0x0000000716100000,0x0000000716100000,0x000000073ae00000)
  from space 81408K, 99% used [0x000000073ae00000,0x000000073fd786f8,0x000000073fd80000)
  to   space 106496K, 0% used [0x0000000749600000,0x0000000749600000,0x000000074fe00000)
 ParOldGen       total 687104K, used 187229K [0x00000005c2200000, 0x00000005ec100000, 0x0000000716100000)
  object space 687104K, 27% used [0x00000005c2200000,0x00000005cd8d7700,0x00000005ec100000)
 Metaspace       used 101571K, capacity 104975K, committed 105432K, reserved 1138688K
  class space    used 15467K, capacity 15955K, committed 16088K, reserved 1048576K
}

