# JRE version: Java(TM) SE Runtime Environment (8.0_301-b09) (build 1.8.0_301-b09)
# Java VM: Java HotSpot(TM) 64-Bit Server VM (25.301-b09 mixed mode windows-amd64 compressed oops)
Heap:
 PSYoungGen      total 988160K, used 604002K [0x0000000716100000, 0x000000075b200000, 0x00000007c0000000)
  eden space 860160K, 59% used [0x0000000716100000,0x0000000735111728,0x000000074a900000)
  from space 128000K, 75% used [0x0000000753500000,0x00000007592c7308,0x000000075b200000)
  to   space 135680K, 0% used [0x000000074a900000,0x000000074a900000,0x0000000752d80000)
 ParOldGen       total 670208K, used 191396K [0x00000005c2200000, 0x00000005eb080000, 0x0000000716100000)
  object space 670208K, 28% used [0x00000005c2200000,0x00000005cdce9100,0x00000005eb080000)
 Metaspace       used 110254K, capacity 114253K, committed 114380K, reserved 1146880K
  class space    used 16267K, capacity 16840K, committed 16856K, reserved 1048576K
GC Heap History (10 events):
Event: 27.227 GC heap before
{Heap before GC invocations=14 (full 4):
 PSYoungGen      total 698880K, used 50975K [0x0000000716100000, 0x0000000745a80000, 0x00000007c0000000)
  eden space 619008K, 0% used [0x0000000716100000,0x0000000716100000,0x000000073bd80000)
  from space 79872K, 63% used [0x0000000740c00000,0x0000000743dc7d88,0x0000000745a00000)
  to   space 80384K, 0% used [0x000000073bd80000,0x000000073bd80000,0x0000000740c00000)
 ParOldGen       total 509440K, used 120817K [0x00000005c2200000, 0x00000005e1380000, 0x0000000716100000)
  object space 509440K, 23% used [0x00000005c2200000,0x00000005c97fc7f8,0x00000005e1380000)
 Metaspace       used 94774K, capacity 98223K, committed 98380K, reserved 1132544K
  class space    used 14921K, capacity 15398K, committed 15448K, reserved 1048576K
Event: 27.360 GC heap after
Heap after GC invocations=14 (full 4):
 PSYoungGen      total 698880K, used 0K [0x0000000716100000, 0x0000000745a80000, 0x00000007c0000000)
  eden space 619008K, 0% used [0x0000000716100000,0x0000000716100000,0x000000073bd80000)
  from space 79872K, 0% used [0x0000000740c00000,0x0000000740c00000,0x0000000745a00000)
  to   space 80384K, 0% used [0x000000073bd80000,0x000000073bd80000,0x0000000740c00000)
 ParOldGen       total 670208K, used 149635K [0x00000005c2200000, 0x00000005eb080000, 0x0000000716100000)
  object space 670208K, 22% used [0x00000005c2200000,0x00000005cb420f58,0x00000005eb080000)
 Metaspace       used 94708K, capacity 98057K, committed 98380K, reserved 1132544K
  class space    used 14918K, capacity 15388K, committed 15448K, reserved 1048576K
}
Event: 29.947 GC heap before
{Heap before GC invocations=15 (full 4):
 PSYoungGen      total 698880K, used 619008K [0x0000000716100000, 0x0000000745a80000, 0x00000007c0000000)
  eden space 619008K, 100% used [0x0000000716100000,0x000000073bd80000,0x000000073bd80000)
  from space 79872K, 0% used [0x0000000740c00000,0x0000000740c00000,0x0000000745a00000)
  to   space 80384K, 0% used [0x000000073bd80000,0x000000073bd80000,0x0000000740c00000)
 ParOldGen       total 670208K, used 149635K [0x00000005c2200000, 0x00000005eb080000, 0x0000000716100000)
  object space 670208K, 22% used [0x00000005c2200000,0x00000005cb420f58,0x00000005eb080000)
 Metaspace       used 101588K, capacity 105087K, committed 105420K, reserved 1138688K
  class space    used 15480K, capacity 15981K, committed 16088K, reserved 1048576K
Event: 29.991 GC heap after
Heap after GC invocations=15 (full 4):
 PSYoungGen      total 699392K, used 80356K [0x0000000716100000, 0x0000000751900000, 0x00000007c0000000)
  eden space 619008K, 0% used [0x0000000716100000,0x0000000716100000,0x000000073bd80000)
  from space 80384K, 99% used [0x000000073bd80000,0x0000000740bf9258,0x0000000740c00000)
  to   space 106496K, 0% used [0x000000074b100000,0x000000074b100000,0x0000000751900000)
 ParOldGen       total 670208K, used 191364K [0x00000005c2200000, 0x00000005eb080000, 0x0000000716100000)
  object space 670208K, 28% used [0x00000005c2200000,0x00000005cdce1100,0x00000005eb080000)
 Metaspace       used 101588K, capacity 105087K, committed 105420K, reserved 1138688K
  class space    used 15480K, capacity 15981K, committed 16088K, reserved 1048576K
}
Event: 40.777 GC heap before
{Heap before GC invocations=16 (full 4):
 PSYoungGen      total 699392K, used 699364K [0x0000000716100000, 0x0000000751900000, 0x00000007c0000000)
  eden space 619008K, 100% used [0x0000000716100000,0x000000073bd80000,0x000000073bd80000)
  from space 80384K, 99% used [0x000000073bd80000,0x0000000740bf9258,0x0000000740c00000)
  to   space 106496K, 0% used [0x000000074b100000,0x000000074b100000,0x0000000751900000)
 ParOldGen       total 670208K, used 191364K [0x00000005c2200000, 0x00000005eb080000, 0x0000000716100000)
  object space 670208K, 28% used [0x00000005c2200000,0x00000005cdce1100,0x00000005eb080000)
 Metaspace       used 109160K, capacity 113061K, committed 113356K, reserved 1146880K
  class space    used 16198K, capacity 16734K, committed 16856K, reserved 1048576K
Event: 40.811 GC heap after
Heap after GC invocations=16 (full 4):
 PSYoungGen      total 849920K, used 98978K [0x0000000716100000, 0x0000000752100000, 0x00000007c0000000)
  eden space 743424K, 0% used [0x0000000716100000,0x0000000716100000,0x0000000743700000)
  from space 106496K, 92% used [0x000000074b100000,0x00000007511a8858,0x0000000751900000)
  to   space 119808K, 0% used [0x0000000743700000,0x0000000743700000,0x000000074ac00000)
 ParOldGen       total 670208K, used 191380K [0x00000005c2200000, 0x00000005eb080000, 0x0000000716100000)
  object space 670208K, 28% used [0x00000005c2200000,0x00000005cdce5100,0x00000005eb080000)
 Metaspace       used 109160K, capacity 113061K, committed 113356K, reserved 1146880K
  class space    used 16198K, capacity 16734K, committed 16856K, reserved 1048576K
}
Event: 50.445 GC heap before
{Heap before GC invocations=17 (full 4):
 PSYoungGen      total 849920K, used 842402K [0x0000000716100000, 0x0000000752100000, 0x00000007c0000000)
  eden space 743424K, 100% used [0x0000000716100000,0x0000000743700000,0x0000000743700000)
  from space 106496K, 92% used [0x000000074b100000,0x00000007511a8858,0x0000000751900000)
  to   space 119808K, 0% used [0x0000000743700000,0x0000000743700000,0x000000074ac00000)
 ParOldGen       total 670208K, used 191380K [0x00000005c2200000, 0x00000005eb080000, 0x0000000716100000)
  object space 670208K, 28% used [0x00000005c2200000,0x00000005cdce5100,0x00000005eb080000)
 Metaspace       used 109348K, capacity 113289K, committed 113612K, reserved 1146880K
  class space    used 16216K, capacity 16766K, committed 16856K, reserved 1048576K
Event: 50.478 GC heap after
Heap after GC invocations=17 (full 4):
 PSYoungGen      total 863232K, used 94545K [0x0000000716100000, 0x000000075b280000, 0x00000007c0000000)
  eden space 743424K, 0% used [0x0000000716100000,0x0000000716100000,0x0000000743700000)
  from space 119808K, 78% used [0x0000000743700000,0x00000007493546b8,0x000000074ac00000)
  to   space 128512K, 0% used [0x0000000753500000,0x0000000753500000,0x000000075b280000)
 ParOldGen       total 670208K, used 191388K [0x00000005c2200000, 0x00000005eb080000, 0x0000000716100000)
  object space 670208K, 28% used [0x00000005c2200000,0x00000005cdce7100,0x00000005eb080000)
 Metaspace       used 109348K, capacity 113289K, committed 113612K, reserved 1146880K
  class space    used 16216K, capacity 16766K, committed 16856K, reserved 1048576K
}
Event: 59.293 GC heap before
{Heap before GC invocations=18 (full 4):
 PSYoungGen      total 863232K, used 837969K [0x0000000716100000, 0x000000075b280000, 0x00000007c0000000)
  eden space 743424K, 100% used [0x0000000716100000,0x0000000743700000,0x0000000743700000)
  from space 119808K, 78% used [0x0000000743700000,0x00000007493546b8,0x000000074ac00000)
  to   space 128512K, 0% used [0x0000000753500000,0x0000000753500000,0x000000075b280000)
 ParOldGen       total 670208K, used 191388K [0x00000005c2200000, 0x00000005eb080000, 0x0000000716100000)
  object space 670208K, 28% used [0x00000005c2200000,0x00000005cdce7100,0x00000005eb080000)
 Metaspace       used 110011K, capacity 113959K, committed 114124K, reserved 1146880K
  class space    used 16256K, capacity 16823K, committed 16856K, reserved 1048576K
Event: 59.324 GC heap after
Heap after GC invocations=18 (full 4):
 PSYoungGen      total 988160K, used 96028K [0x0000000716100000, 0x000000075b200000, 0x00000007c0000000)
  eden space 860160K, 0% used [0x0000000716100000,0x0000000716100000,0x000000074a900000)
  from space 128000K, 75% used [0x0000000753500000,0x00000007592c7308,0x000000075b200000)
  to   space 135680K, 0% used [0x000000074a900000,0x000000074a900000,0x0000000752d80000)
 ParOldGen       total 670208K, used 191396K [0x00000005c2200000, 0x00000005eb080000, 0x0000000716100000)
  object space 670208K, 28% used [0x00000005c2200000,0x00000005cdce9100,0x00000005eb080000)
 Metaspace       used 110011K, capacity 113959K, committed 114124K, reserved 1146880K
  class space    used 16256K, capacity 16823K, committed 16856K, reserved 1048576K
}

