# JRE version: Java(TM) SE Runtime Environment (8.0_141-b15) (build 1.8.0_141-b15)
# Java VM: Java HotSpot(TM) 64-Bit Server VM (25.141-b15 mixed mode windows-amd64 compressed oops)
Heap:
 PSYoungGen      total 914432K, used 785687K [0x0000000716100000, 0x000000075fa00000, 0x00000007c0000000)
  eden space 794624K, 86% used [0x0000000716100000,0x00000007400724c8,0x0000000746900000)
  from space 119808K, 81% used [0x0000000746900000,0x000000074c8d3980,0x000000074de00000)
  to   space 130048K, 0% used [0x0000000757b00000,0x0000000757b00000,0x000000075fa00000)
 ParOldGen       total 627712K, used 189594K [0x00000005c2200000, 0x00000005e8700000, 0x0000000716100000)
  object space 627712K, 30% used [0x00000005c2200000,0x00000005cdb26b70,0x00000005e8700000)
 Metaspace       used 111731K, capacity 115755K, committed 115788K, reserved 1148928K
  class space    used 16430K, capacity 17011K, committed 17024K, reserved 1048576K
GC Heap History (10 events):
Event: 34.948 GC heap before
{Heap before GC invocations=13 (full 3):
 PSYoungGen      total 614912K, used 272253K [0x0000000716100000, 0x0000000747d80000, 0x00000007c0000000)
  eden space 534016K, 41% used [0x0000000716100000,0x00000007239e1850,0x0000000736a80000)
  from space 80896K, 62% used [0x0000000736a80000,0x0000000739b7dc90,0x000000073b980000)
  to   space 81920K, 0% used [0x0000000742d80000,0x0000000742d80000,0x0000000747d80000)
 ParOldGen       total 478720K, used 115123K [0x00000005c2200000, 0x00000005df580000, 0x0000000716100000)
  object space 478720K, 24% used [0x00000005c2200000,0x00000005c926cef0,0x00000005df580000)
 Metaspace       used 94788K, capacity 98199K, committed 98380K, reserved 1132544K
  class space    used 14901K, capacity 15370K, committed 15488K, reserved 1048576K
Event: 34.967 GC heap after
Heap after GC invocations=13 (full 3):
 PSYoungGen      total 735232K, used 46142K [0x0000000716100000, 0x0000000748580000, 0x00000007c0000000)
  eden space 653312K, 0% used [0x0000000716100000,0x0000000716100000,0x000000073df00000)
  from space 81920K, 56% used [0x0000000742d80000,0x0000000745a8f8e8,0x0000000747d80000)
  to   space 80384K, 0% used [0x000000073df00000,0x000000073df00000,0x0000000742d80000)
 ParOldGen       total 478720K, used 115131K [0x00000005c2200000, 0x00000005df580000, 0x0000000716100000)
  object space 478720K, 24% used [0x00000005c2200000,0x00000005c926eef0,0x00000005df580000)
 Metaspace       used 94788K, capacity 98199K, committed 98380K, reserved 1132544K
  class space    used 14901K, capacity 15370K, committed 15488K, reserved 1048576K
}
Event: 34.967 GC heap before
{Heap before GC invocations=14 (full 4):
 PSYoungGen      total 735232K, used 46142K [0x0000000716100000, 0x0000000748580000, 0x00000007c0000000)
  eden space 653312K, 0% used [0x0000000716100000,0x0000000716100000,0x000000073df00000)
  from space 81920K, 56% used [0x0000000742d80000,0x0000000745a8f8e8,0x0000000747d80000)
  to   space 80384K, 0% used [0x000000073df00000,0x000000073df00000,0x0000000742d80000)
 ParOldGen       total 478720K, used 115131K [0x00000005c2200000, 0x00000005df580000, 0x0000000716100000)
  object space 478720K, 24% used [0x00000005c2200000,0x00000005c926eef0,0x00000005df580000)
 Metaspace       used 94788K, capacity 98199K, committed 98380K, reserved 1132544K
  class space    used 14901K, capacity 15370K, committed 15488K, reserved 1048576K
Event: 35.114 GC heap after
Heap after GC invocations=14 (full 4):
 PSYoungGen      total 735232K, used 0K [0x0000000716100000, 0x0000000748580000, 0x00000007c0000000)
  eden space 653312K, 0% used [0x0000000716100000,0x0000000716100000,0x000000073df00000)
  from space 81920K, 0% used [0x0000000742d80000,0x0000000742d80000,0x0000000747d80000)
  to   space 80384K, 0% used [0x000000073df00000,0x000000073df00000,0x0000000742d80000)
 ParOldGen       total 627712K, used 149236K [0x00000005c2200000, 0x00000005e8700000, 0x0000000716100000)
  object space 627712K, 23% used [0x00000005c2200000,0x00000005cb3bd150,0x00000005e8700000)
 Metaspace       used 94722K, capacity 98033K, committed 98380K, reserved 1132544K
  class space    used 14898K, capacity 15360K, committed 15488K, reserved 1048576K
}
Event: 37.860 GC heap before
{Heap before GC invocations=15 (full 4):
 PSYoungGen      total 735232K, used 653312K [0x0000000716100000, 0x0000000748580000, 0x00000007c0000000)
  eden space 653312K, 100% used [0x0000000716100000,0x000000073df00000,0x000000073df00000)
  from space 81920K, 0% used [0x0000000742d80000,0x0000000742d80000,0x0000000747d80000)
  to   space 80384K, 0% used [0x000000073df00000,0x000000073df00000,0x0000000742d80000)
 ParOldGen       total 627712K, used 149236K [0x00000005c2200000, 0x00000005e8700000, 0x0000000716100000)
  object space 627712K, 23% used [0x00000005c2200000,0x00000005cb3bd150,0x00000005e8700000)
 Metaspace       used 102463K, capacity 105957K, committed 106188K, reserved 1138688K
  class space    used 15526K, capacity 16014K, committed 16128K, reserved 1048576K
Event: 37.899 GC heap after
Heap after GC invocations=15 (full 4):
 PSYoungGen      total 733696K, used 80364K [0x0000000716100000, 0x0000000754b80000, 0x00000007c0000000)
  eden space 653312K, 0% used [0x0000000716100000,0x0000000716100000,0x000000073df00000)
  from space 80384K, 99% used [0x000000073df00000,0x0000000742d7b200,0x0000000742d80000)
  to   space 106496K, 0% used [0x000000074e380000,0x000000074e380000,0x0000000754b80000)
 ParOldGen       total 627712K, used 189570K [0x00000005c2200000, 0x00000005e8700000, 0x0000000716100000)
  object space 627712K, 30% used [0x00000005c2200000,0x00000005cdb20b70,0x00000005e8700000)
 Metaspace       used 102463K, capacity 105957K, committed 106188K, reserved 1138688K
  class space    used 15526K, capacity 16014K, committed 16128K, reserved 1048576K
}
Event: 48.144 GC heap before
{Heap before GC invocations=16 (full 4):
 PSYoungGen      total 733696K, used 733676K [0x0000000716100000, 0x0000000754b80000, 0x00000007c0000000)
  eden space 653312K, 100% used [0x0000000716100000,0x000000073df00000,0x000000073df00000)
  from space 80384K, 99% used [0x000000073df00000,0x0000000742d7b200,0x0000000742d80000)
  to   space 106496K, 0% used [0x000000074e380000,0x000000074e380000,0x0000000754b80000)
 ParOldGen       total 627712K, used 189570K [0x00000005c2200000, 0x00000005e8700000, 0x0000000716100000)
  object space 627712K, 30% used [0x00000005c2200000,0x00000005cdb20b70,0x00000005e8700000)
 Metaspace       used 109150K, capacity 113069K, committed 113228K, reserved 1146880K
  class space    used 16168K, capacity 16734K, committed 16768K, reserved 1048576K
Event: 48.179 GC heap after
Heap after GC invocations=16 (full 4):
 PSYoungGen      total 901120K, used 98598K [0x0000000716100000, 0x0000000755300000, 0x00000007c0000000)
  eden space 794624K, 0% used [0x0000000716100000,0x0000000716100000,0x0000000746900000)
  from space 106496K, 92% used [0x000000074e380000,0x00000007543c98d8,0x0000000754b80000)
  to   space 119808K, 0% used [0x0000000746900000,0x0000000746900000,0x000000074de00000)
 ParOldGen       total 627712K, used 189586K [0x00000005c2200000, 0x00000005e8700000, 0x0000000716100000)
  object space 627712K, 30% used [0x00000005c2200000,0x00000005cdb24b70,0x00000005e8700000)
 Metaspace       used 109150K, capacity 113069K, committed 113228K, reserved 1146880K
  class space    used 16168K, capacity 16734K, committed 16768K, reserved 1048576K
}
Event: 58.466 GC heap before
{Heap before GC invocations=17 (full 4):
 PSYoungGen      total 901120K, used 893222K [0x0000000716100000, 0x0000000755300000, 0x00000007c0000000)
  eden space 794624K, 100% used [0x0000000716100000,0x0000000746900000,0x0000000746900000)
  from space 106496K, 92% used [0x000000074e380000,0x00000007543c98d8,0x0000000754b80000)
  to   space 119808K, 0% used [0x0000000746900000,0x0000000746900000,0x000000074de00000)
 ParOldGen       total 627712K, used 189586K [0x00000005c2200000, 0x00000005e8700000, 0x0000000716100000)
  object space 627712K, 30% used [0x00000005c2200000,0x00000005cdb24b70,0x00000005e8700000)
 Metaspace       used 110664K, capacity 114575K, committed 114764K, reserved 1146880K
  class space    used 16347K, capacity 16895K, committed 17024K, reserved 1048576K
Event: 58.500 GC heap after
Heap after GC invocations=17 (full 4):
 PSYoungGen      total 914432K, used 98126K [0x0000000716100000, 0x000000075fa00000, 0x00000007c0000000)
  eden space 794624K, 0% used [0x0000000716100000,0x0000000716100000,0x0000000746900000)
  from space 119808K, 81% used [0x0000000746900000,0x000000074c8d3980,0x000000074de00000)
  to   space 130048K, 0% used [0x0000000757b00000,0x0000000757b00000,0x000000075fa00000)
 ParOldGen       total 627712K, used 189594K [0x00000005c2200000, 0x00000005e8700000, 0x0000000716100000)
  object space 627712K, 30% used [0x00000005c2200000,0x00000005cdb26b70,0x00000005e8700000)
 Metaspace       used 110664K, capacity 114575K, committed 114764K, reserved 1146880K
  class space    used 16347K, capacity 16895K, committed 17024K, reserved 1048576K
}

