# JRE version: Java(TM) SE Runtime Environment (8.0_141-b15) (build 1.8.0_141-b15)
# Java VM: Java HotSpot(TM) 64-Bit Server VM (25.141-b15 mixed mode windows-amd64 compressed oops)
Heap:
 PSYoungGen      total 693760K, used 91295K [0x0000000716100000, 0x0000000751500000, 0x00000007c0000000)
  eden space 613376K, 1% used [0x0000000716100000,0x0000000716ba82c8,0x000000073b800000)
  from space 80384K, 99% used [0x000000073b800000,0x000000074067fa08,0x0000000740680000)
  to   space 108544K, 0% used [0x000000074ab00000,0x000000074ab00000,0x0000000751500000)
 ParOldGen       total 880640K, used 188137K [0x00000005c2200000, 0x00000005f7e00000, 0x0000000716100000)
  object space 880640K, 21% used [0x00000005c2200000,0x00000005cd9ba710,0x00000005f7e00000)
 Metaspace       used 101775K, capacity 105168K, committed 105676K, reserved 1138688K
  class space    used 15486K, capacity 15956K, committed 16088K, reserved 1048576K
GC Heap History (10 events):
Event: 34.733 GC heap before
{Heap before GC invocations=9 (full 3):
 PSYoungGen      total 492032K, used 470528K [0x0000000716100000, 0x000000073e380000, 0x00000007c0000000)
  eden space 470528K, 100% used [0x0000000716100000,0x0000000732c80000,0x0000000732c80000)
  from space 21504K, 0% used [0x0000000735800000,0x0000000735800000,0x0000000736d00000)
  to   space 93696K, 0% used [0x0000000738800000,0x0000000738800000,0x000000073e380000)
 ParOldGen       total 672768K, used 122673K [0x00000005c2200000, 0x00000005eb300000, 0x0000000716100000)
  object space 672768K, 18% used [0x00000005c2200000,0x00000005c99cc5d8,0x00000005eb300000)
 Metaspace       used 73344K, capacity 75928K, committed 76248K, reserved 1114112K
  class space    used 11451K, capacity 11872K, committed 11992K, reserved 1048576K
Event: 34.744 GC heap after
Heap after GC invocations=9 (full 3):
 PSYoungGen      total 571904K, used 31027K [0x0000000716100000, 0x0000000745500000, 0x00000007c0000000)
  eden space 478208K, 0% used [0x0000000716100000,0x0000000716100000,0x0000000733400000)
  from space 93696K, 33% used [0x0000000738800000,0x000000073a64cd50,0x000000073e380000)
  to   space 86016K, 0% used [0x0000000733400000,0x0000000733400000,0x0000000738800000)
 ParOldGen       total 672768K, used 122687K [0x00000005c2200000, 0x00000005eb300000, 0x0000000716100000)
  object space 672768K, 18% used [0x00000005c2200000,0x00000005c99cfc70,0x00000005eb300000)
 Metaspace       used 73344K, capacity 75928K, committed 76248K, reserved 1114112K
  class space    used 11451K, capacity 11872K, committed 11992K, reserved 1048576K
}
Event: 36.308 GC heap before
{Heap before GC invocations=10 (full 3):
 PSYoungGen      total 571904K, used 509235K [0x0000000716100000, 0x0000000745500000, 0x00000007c0000000)
  eden space 478208K, 100% used [0x0000000716100000,0x0000000733400000,0x0000000733400000)
  from space 93696K, 33% used [0x0000000738800000,0x000000073a64cd50,0x000000073e380000)
  to   space 86016K, 0% used [0x0000000733400000,0x0000000733400000,0x0000000738800000)
 ParOldGen       total 672768K, used 122687K [0x00000005c2200000, 0x00000005eb300000, 0x0000000716100000)
  object space 672768K, 18% used [0x00000005c2200000,0x00000005c99cfc70,0x00000005eb300000)
 Metaspace       used 86243K, capacity 89660K, committed 89816K, reserved 1124352K
  class space    used 14078K, capacity 14535K, committed 14552K, reserved 1048576K
Event: 36.323 GC heap after
Heap after GC invocations=10 (full 3):
 PSYoungGen      total 564224K, used 39604K [0x0000000716100000, 0x0000000745580000, 0x00000007c0000000)
  eden space 478208K, 0% used [0x0000000716100000,0x0000000716100000,0x0000000733400000)
  from space 86016K, 46% used [0x0000000733400000,0x0000000735aad318,0x0000000738800000)
  to   space 80896K, 0% used [0x0000000740680000,0x0000000740680000,0x0000000745580000)
 ParOldGen       total 672768K, used 122703K [0x00000005c2200000, 0x00000005eb300000, 0x0000000716100000)
  object space 672768K, 18% used [0x00000005c2200000,0x00000005c99d3c70,0x00000005eb300000)
 Metaspace       used 86243K, capacity 89660K, committed 89816K, reserved 1124352K
  class space    used 14078K, capacity 14535K, committed 14552K, reserved 1048576K
}
Event: 37.163 GC heap before
{Heap before GC invocations=11 (full 3):
 PSYoungGen      total 564224K, used 289918K [0x0000000716100000, 0x0000000745580000, 0x00000007c0000000)
  eden space 478208K, 52% used [0x0000000716100000,0x0000000725572730,0x0000000733400000)
  from space 86016K, 46% used [0x0000000733400000,0x0000000735aad318,0x0000000738800000)
  to   space 80896K, 0% used [0x0000000740680000,0x0000000740680000,0x0000000745580000)
 ParOldGen       total 672768K, used 122703K [0x00000005c2200000, 0x00000005eb300000, 0x0000000716100000)
  object space 672768K, 18% used [0x00000005c2200000,0x00000005c99d3c70,0x00000005eb300000)
 Metaspace       used 94779K, capacity 98210K, committed 98380K, reserved 1132544K
  class space    used 14920K, capacity 15398K, committed 15448K, reserved 1048576K
Event: 37.178 GC heap after
Heap after GC invocations=11 (full 3):
 PSYoungGen      total 694272K, used 48038K [0x0000000716100000, 0x0000000746900000, 0x00000007c0000000)
  eden space 613376K, 0% used [0x0000000716100000,0x0000000716100000,0x000000073b800000)
  from space 80896K, 59% used [0x0000000740680000,0x00000007435699f0,0x0000000745580000)
  to   space 80384K, 0% used [0x000000073b800000,0x000000073b800000,0x0000000740680000)
 ParOldGen       total 672768K, used 122727K [0x00000005c2200000, 0x00000005eb300000, 0x0000000716100000)
  object space 672768K, 18% used [0x00000005c2200000,0x00000005c99d9c70,0x00000005eb300000)
 Metaspace       used 94779K, capacity 98210K, committed 98380K, reserved 1132544K
  class space    used 14920K, capacity 15398K, committed 15448K, reserved 1048576K
}
Event: 37.178 GC heap before
{Heap before GC invocations=12 (full 4):
 PSYoungGen      total 694272K, used 48038K [0x0000000716100000, 0x0000000746900000, 0x00000007c0000000)
  eden space 613376K, 0% used [0x0000000716100000,0x0000000716100000,0x000000073b800000)
  from space 80896K, 59% used [0x0000000740680000,0x00000007435699f0,0x0000000745580000)
  to   space 80384K, 0% used [0x000000073b800000,0x000000073b800000,0x0000000740680000)
 ParOldGen       total 672768K, used 122727K [0x00000005c2200000, 0x00000005eb300000, 0x0000000716100000)
  object space 672768K, 18% used [0x00000005c2200000,0x00000005c99d9c70,0x00000005eb300000)
 Metaspace       used 94779K, capacity 98210K, committed 98380K, reserved 1132544K
  class space    used 14920K, capacity 15398K, committed 15448K, reserved 1048576K
Event: 37.275 GC heap after
Heap after GC invocations=12 (full 4):
 PSYoungGen      total 694272K, used 0K [0x0000000716100000, 0x0000000746900000, 0x00000007c0000000)
  eden space 613376K, 0% used [0x0000000716100000,0x0000000716100000,0x000000073b800000)
  from space 80896K, 0% used [0x0000000740680000,0x0000000740680000,0x0000000745580000)
  to   space 80384K, 0% used [0x000000073b800000,0x000000073b800000,0x0000000740680000)
 ParOldGen       total 880640K, used 149704K [0x00000005c2200000, 0x00000005f7e00000, 0x0000000716100000)
  object space 880640K, 16% used [0x00000005c2200000,0x00000005cb432130,0x00000005f7e00000)
 Metaspace       used 94713K, capacity 98044K, committed 98380K, reserved 1132544K
  class space    used 14917K, capacity 15388K, committed 15448K, reserved 1048576K
}
Event: 38.988 GC heap before
{Heap before GC invocations=13 (full 4):
 PSYoungGen      total 694272K, used 613376K [0x0000000716100000, 0x0000000746900000, 0x00000007c0000000)
  eden space 613376K, 100% used [0x0000000716100000,0x000000073b800000,0x000000073b800000)
  from space 80896K, 0% used [0x0000000740680000,0x0000000740680000,0x0000000745580000)
  to   space 80384K, 0% used [0x000000073b800000,0x000000073b800000,0x0000000740680000)
 ParOldGen       total 880640K, used 149704K [0x00000005c2200000, 0x00000005f7e00000, 0x0000000716100000)
  object space 880640K, 16% used [0x00000005c2200000,0x00000005cb432130,0x00000005f7e00000)
 Metaspace       used 101720K, capacity 105104K, committed 105676K, reserved 1138688K
  class space    used 15479K, capacity 15956K, committed 16088K, reserved 1048576K
Event: 39.022 GC heap after
Heap after GC invocations=13 (full 4):
 PSYoungGen      total 693760K, used 80382K [0x0000000716100000, 0x0000000751500000, 0x00000007c0000000)
  eden space 613376K, 0% used [0x0000000716100000,0x0000000716100000,0x000000073b800000)
  from space 80384K, 99% used [0x000000073b800000,0x000000074067fa08,0x0000000740680000)
  to   space 108544K, 0% used [0x000000074ab00000,0x000000074ab00000,0x0000000751500000)
 ParOldGen       total 880640K, used 188137K [0x00000005c2200000, 0x00000005f7e00000, 0x0000000716100000)
  object space 880640K, 21% used [0x00000005c2200000,0x00000005cd9ba710,0x00000005f7e00000)
 Metaspace       used 101720K, capacity 105104K, committed 105676K, reserved 1138688K
  class space    used 15479K, capacity 15956K, committed 16088K, reserved 1048576K
}

