# JRE version: Java(TM) SE Runtime Environment (8.0_301-b09) (build 1.8.0_301-b09)
# Java VM: Java HotSpot(TM) 64-Bit Server VM (25.301-b09 mixed mode windows-amd64 compressed oops)
Heap:
 PSYoungGen      total 1267200K, used 1165164K [0x0000000716100000, 0x0000000770100000, 0x00000007c0000000)
  eden space 1120256K, 95% used [0x0000000716100000,0x000000075799eda8,0x000000075a700000)
  from space 146944K, 62% used [0x000000075a700000,0x000000076003c310,0x0000000763680000)
  to   space 145408K, 0% used [0x0000000767300000,0x0000000767300000,0x0000000770100000)
 ParOldGen       total 722432K, used 233009K [0x00000005c2200000, 0x00000005ee380000, 0x0000000716100000)
  object space 722432K, 32% used [0x00000005c2200000,0x00000005d058c670,0x00000005ee380000)
 Metaspace       used 112461K, capacity 116491K, committed 116684K, reserved 1148928K
  class space    used 16485K, capacity 17053K, committed 17112K, reserved 1048576K
GC Heap History (10 events):
Event: 105.406 GC heap before
{Heap before GC invocations=21 (full 4):
 PSYoungGen      total 1118720K, used 1076668K [0x0000000716100000, 0x0000000763a00000, 0x00000007c0000000)
  eden space 982016K, 100% used [0x0000000716100000,0x0000000752000000,0x0000000752000000)
  from space 136704K, 69% used [0x000000075b480000,0x00000007610ef228,0x0000000763a00000)
  to   space 144384K, 0% used [0x0000000752000000,0x0000000752000000,0x000000075ad00000)
 ParOldGen       total 722432K, used 232969K [0x00000005c2200000, 0x00000005ee380000, 0x0000000716100000)
  object space 722432K, 32% used [0x00000005c2200000,0x00000005d0582670,0x00000005ee380000)
 Metaspace       used 109799K, capacity 113799K, committed 114124K, reserved 1146880K
  class space    used 16205K, capacity 16775K, committed 16856K, reserved 1048576K
Event: 105.427 GC heap after
Heap after GC invocations=21 (full 4):
 PSYoungGen      total 1126400K, used 90596K [0x0000000716100000, 0x0000000768a00000, 0x00000007c0000000)
  eden space 982016K, 0% used [0x0000000716100000,0x0000000716100000,0x0000000752000000)
  from space 144384K, 62% used [0x0000000752000000,0x0000000757879290,0x000000075ad00000)
  to   space 145408K, 0% used [0x000000075fc00000,0x000000075fc00000,0x0000000768a00000)
 ParOldGen       total 722432K, used 232977K [0x00000005c2200000, 0x00000005ee380000, 0x0000000716100000)
  object space 722432K, 32% used [0x00000005c2200000,0x00000005d0584670,0x00000005ee380000)
 Metaspace       used 109799K, capacity 113799K, committed 114124K, reserved 1146880K
  class space    used 16205K, capacity 16775K, committed 16856K, reserved 1048576K
}
Event: 114.988 GC heap before
{Heap before GC invocations=22 (full 4):
 PSYoungGen      total 1126400K, used 1072612K [0x0000000716100000, 0x0000000768a00000, 0x00000007c0000000)
  eden space 982016K, 100% used [0x0000000716100000,0x0000000752000000,0x0000000752000000)
  from space 144384K, 62% used [0x0000000752000000,0x0000000757879290,0x000000075ad00000)
  to   space 145408K, 0% used [0x000000075fc00000,0x000000075fc00000,0x0000000768a00000)
 ParOldGen       total 722432K, used 232977K [0x00000005c2200000, 0x00000005ee380000, 0x0000000716100000)
  object space 722432K, 32% used [0x00000005c2200000,0x00000005d0584670,0x00000005ee380000)
 Metaspace       used 109799K, capacity 113799K, committed 114124K, reserved 1146880K
  class space    used 16205K, capacity 16775K, committed 16856K, reserved 1048576K
Event: 115.014 GC heap after
Heap after GC invocations=22 (full 4):
 PSYoungGen      total 1196032K, used 94678K [0x0000000716100000, 0x0000000768600000, 0x00000007c0000000)
  eden space 1054720K, 0% used [0x0000000716100000,0x0000000716100000,0x0000000756700000)
  from space 141312K, 66% used [0x000000075fc00000,0x0000000765875910,0x0000000768600000)
  to   space 146944K, 0% used [0x0000000756700000,0x0000000756700000,0x000000075f680000)
 ParOldGen       total 722432K, used 232985K [0x00000005c2200000, 0x00000005ee380000, 0x0000000716100000)
  object space 722432K, 32% used [0x00000005c2200000,0x00000005d0586670,0x00000005ee380000)
 Metaspace       used 109799K, capacity 113799K, committed 114124K, reserved 1146880K
  class space    used 16205K, capacity 16775K, committed 16856K, reserved 1048576K
}
Event: 125.204 GC heap before
{Heap before GC invocations=23 (full 4):
 PSYoungGen      total 1196032K, used 1149398K [0x0000000716100000, 0x0000000768600000, 0x00000007c0000000)
  eden space 1054720K, 100% used [0x0000000716100000,0x0000000756700000,0x0000000756700000)
  from space 141312K, 66% used [0x000000075fc00000,0x0000000765875910,0x0000000768600000)
  to   space 146944K, 0% used [0x0000000756700000,0x0000000756700000,0x000000075f680000)
 ParOldGen       total 722432K, used 232985K [0x00000005c2200000, 0x00000005ee380000, 0x0000000716100000)
  object space 722432K, 32% used [0x00000005c2200000,0x00000005d0586670,0x00000005ee380000)
 Metaspace       used 109817K, capacity 113799K, committed 114124K, reserved 1146880K
  class space    used 16205K, capacity 16775K, committed 16856K, reserved 1048576K
Event: 125.226 GC heap after
Heap after GC invocations=23 (full 4):
 PSYoungGen      total 1201664K, used 90593K [0x0000000716100000, 0x000000076ca00000, 0x00000007c0000000)
  eden space 1054720K, 0% used [0x0000000716100000,0x0000000716100000,0x0000000756700000)
  from space 146944K, 61% used [0x0000000756700000,0x000000075bf786d8,0x000000075f680000)
  to   space 146432K, 0% used [0x0000000763b00000,0x0000000763b00000,0x000000076ca00000)
 ParOldGen       total 722432K, used 232993K [0x00000005c2200000, 0x00000005ee380000, 0x0000000716100000)
  object space 722432K, 32% used [0x00000005c2200000,0x00000005d0588670,0x00000005ee380000)
 Metaspace       used 109817K, capacity 113799K, committed 114124K, reserved 1146880K
  class space    used 16205K, capacity 16775K, committed 16856K, reserved 1048576K
}
Event: 135.298 GC heap before
{Heap before GC invocations=24 (full 4):
 PSYoungGen      total 1201664K, used 1145313K [0x0000000716100000, 0x000000076ca00000, 0x00000007c0000000)
  eden space 1054720K, 100% used [0x0000000716100000,0x0000000756700000,0x0000000756700000)
  from space 146944K, 61% used [0x0000000756700000,0x000000075bf786d8,0x000000075f680000)
  to   space 146432K, 0% used [0x0000000763b00000,0x0000000763b00000,0x000000076ca00000)
 ParOldGen       total 722432K, used 232993K [0x00000005c2200000, 0x00000005ee380000, 0x0000000716100000)
  object space 722432K, 32% used [0x00000005c2200000,0x00000005d0588670,0x00000005ee380000)
 Metaspace       used 110547K, capacity 114543K, committed 114764K, reserved 1146880K
  class space    used 16294K, capacity 16873K, committed 16984K, reserved 1048576K
Event: 135.322 GC heap after
Heap after GC invocations=24 (full 4):
 PSYoungGen      total 1262592K, used 95083K [0x0000000716100000, 0x000000076c600000, 0x00000007c0000000)
  eden space 1120256K, 0% used [0x0000000716100000,0x0000000716100000,0x000000075a700000)
  from space 142336K, 66% used [0x0000000763b00000,0x00000007697daee0,0x000000076c600000)
  to   space 146944K, 0% used [0x000000075a700000,0x000000075a700000,0x0000000763680000)
 ParOldGen       total 722432K, used 233001K [0x00000005c2200000, 0x00000005ee380000, 0x0000000716100000)
  object space 722432K, 32% used [0x00000005c2200000,0x00000005d058a670,0x00000005ee380000)
 Metaspace       used 110547K, capacity 114543K, committed 114764K, reserved 1146880K
  class space    used 16294K, capacity 16873K, committed 16984K, reserved 1048576K
}
Event: 146.196 GC heap before
{Heap before GC invocations=25 (full 4):
 PSYoungGen      total 1262592K, used 1215339K [0x0000000716100000, 0x000000076c600000, 0x00000007c0000000)
  eden space 1120256K, 100% used [0x0000000716100000,0x000000075a700000,0x000000075a700000)
  from space 142336K, 66% used [0x0000000763b00000,0x00000007697daee0,0x000000076c600000)
  to   space 146944K, 0% used [0x000000075a700000,0x000000075a700000,0x0000000763680000)
 ParOldGen       total 722432K, used 233001K [0x00000005c2200000, 0x00000005ee380000, 0x0000000716100000)
  object space 722432K, 32% used [0x00000005c2200000,0x00000005d058a670,0x00000005ee380000)
 Metaspace       used 110931K, capacity 114927K, committed 115020K, reserved 1146880K
  class space    used 16358K, capacity 16937K, committed 16984K, reserved 1048576K
Event: 146.217 GC heap after
Heap after GC invocations=25 (full 4):
 PSYoungGen      total 1267200K, used 91376K [0x0000000716100000, 0x0000000770100000, 0x00000007c0000000)
  eden space 1120256K, 0% used [0x0000000716100000,0x0000000716100000,0x000000075a700000)
  from space 146944K, 62% used [0x000000075a700000,0x000000076003c310,0x0000000763680000)
  to   space 145408K, 0% used [0x0000000767300000,0x0000000767300000,0x0000000770100000)
 ParOldGen       total 722432K, used 233009K [0x00000005c2200000, 0x00000005ee380000, 0x0000000716100000)
  object space 722432K, 32% used [0x00000005c2200000,0x00000005d058c670,0x00000005ee380000)
 Metaspace       used 110931K, capacity 114927K, committed 115020K, reserved 1146880K
  class space    used 16358K, capacity 16937K, committed 16984K, reserved 1048576K
}

