# JRE version: Java(TM) SE Runtime Environment (8.0_301-b09) (build 1.8.0_301-b09)
# Java VM: Java HotSpot(TM) 64-Bit Server VM (25.301-b09 mixed mode windows-amd64 compressed oops)
Heap:
 PSYoungGen      total 931840K, used 473657K [0x0000000716100000, 0x000000075b300000, 0x00000007c0000000)
  eden space 796672K, 42% used [0x0000000716100000,0x000000072ab94a90,0x0000000746b00000)
  from space 135168K, 99% used [0x0000000750680000,0x0000000758a79a28,0x0000000758a80000)
  to   space 159232K, 0% used [0x0000000746b00000,0x0000000746b00000,0x0000000750680000)
 ParOldGen       total 697856K, used 191698K [0x00000005c2200000, 0x00000005ecb80000, 0x0000000716100000)
  object space 697856K, 27% used [0x00000005c2200000,0x00000005cdd34940,0x00000005ecb80000)
 Metaspace       used 110191K, capacity 114189K, committed 114380K, reserved 1146880K
  class space    used 16256K, capacity 16814K, committed 16856K, reserved 1048576K
GC Heap History (10 events):
Event: 31.353 GC heap before
{Heap before GC invocations=14 (full 4):
 PSYoungGen      total 657408K, used 57451K [0x0000000716100000, 0x0000000743c80000, 0x00000007c0000000)
  eden space 574464K, 0% used [0x0000000716100000,0x0000000716100000,0x0000000739200000)
  from space 82944K, 69% used [0x000000073e580000,0x0000000741d9af90,0x0000000743680000)
  to   space 85504K, 0% used [0x0000000739200000,0x0000000739200000,0x000000073e580000)
 ParOldGen       total 521216K, used 114246K [0x00000005c2200000, 0x00000005e1f00000, 0x0000000716100000)
  object space 521216K, 21% used [0x00000005c2200000,0x00000005c9191920,0x00000005e1f00000)
 Metaspace       used 94771K, capacity 98223K, committed 98380K, reserved 1132544K
  class space    used 14918K, capacity 15398K, committed 15448K, reserved 1048576K
Event: 31.470 GC heap after
Heap after GC invocations=14 (full 4):
 PSYoungGen      total 657408K, used 0K [0x0000000716100000, 0x0000000743c80000, 0x00000007c0000000)
  eden space 574464K, 0% used [0x0000000716100000,0x0000000716100000,0x0000000739200000)
  from space 82944K, 0% used [0x000000073e580000,0x000000073e580000,0x0000000743680000)
  to   space 85504K, 0% used [0x0000000739200000,0x0000000739200000,0x000000073e580000)
 ParOldGen       total 697856K, used 149556K [0x00000005c2200000, 0x00000005ecb80000, 0x0000000716100000)
  object space 697856K, 21% used [0x00000005c2200000,0x00000005cb40d1e0,0x00000005ecb80000)
 Metaspace       used 94705K, capacity 98057K, committed 98380K, reserved 1132544K
  class space    used 14915K, capacity 15388K, committed 15448K, reserved 1048576K
}
Event: 33.220 GC heap before
{Heap before GC invocations=15 (full 4):
 PSYoungGen      total 657408K, used 574464K [0x0000000716100000, 0x0000000743c80000, 0x00000007c0000000)
  eden space 574464K, 100% used [0x0000000716100000,0x0000000739200000,0x0000000739200000)
  from space 82944K, 0% used [0x000000073e580000,0x000000073e580000,0x0000000743680000)
  to   space 85504K, 0% used [0x0000000739200000,0x0000000739200000,0x000000073e580000)
 ParOldGen       total 697856K, used 149572K [0x00000005c2200000, 0x00000005ecb80000, 0x0000000716100000)
  object space 697856K, 21% used [0x00000005c2200000,0x00000005cb4111f0,0x00000005ecb80000)
 Metaspace       used 100301K, capacity 103667K, committed 104012K, reserved 1136640K
  class space    used 15340K, capacity 15827K, committed 15960K, reserved 1048576K
Event: 33.258 GC heap after
Heap after GC invocations=15 (full 4):
 PSYoungGen      total 659968K, used 85477K [0x0000000716100000, 0x000000074ed00000, 0x00000007c0000000)
  eden space 574464K, 0% used [0x0000000716100000,0x0000000716100000,0x0000000739200000)
  from space 85504K, 99% used [0x0000000739200000,0x000000073e579608,0x000000073e580000)
  to   space 109568K, 0% used [0x0000000748200000,0x0000000748200000,0x000000074ed00000)
 ParOldGen       total 697856K, used 182666K [0x00000005c2200000, 0x00000005ecb80000, 0x0000000716100000)
  object space 697856K, 26% used [0x00000005c2200000,0x00000005cd462890,0x00000005ecb80000)
 Metaspace       used 100301K, capacity 103667K, committed 104012K, reserved 1136640K
  class space    used 15340K, capacity 15827K, committed 15960K, reserved 1048576K
}
Event: 42.316 GC heap before
{Heap before GC invocations=16 (full 4):
 PSYoungGen      total 659968K, used 659941K [0x0000000716100000, 0x000000074ed00000, 0x00000007c0000000)
  eden space 574464K, 100% used [0x0000000716100000,0x0000000739200000,0x0000000739200000)
  from space 85504K, 99% used [0x0000000739200000,0x000000073e579608,0x000000073e580000)
  to   space 109568K, 0% used [0x0000000748200000,0x0000000748200000,0x000000074ed00000)
 ParOldGen       total 697856K, used 182667K [0x00000005c2200000, 0x00000005ecb80000, 0x0000000716100000)
  object space 697856K, 26% used [0x00000005c2200000,0x00000005cd462f58,0x00000005ecb80000)
 Metaspace       used 109153K, capacity 113085K, committed 113356K, reserved 1146880K
  class space    used 16181K, capacity 16738K, committed 16856K, reserved 1048576K
Event: 42.349 GC heap after
Heap after GC invocations=16 (full 4):
 PSYoungGen      total 803840K, used 107445K [0x0000000716100000, 0x000000074fb00000, 0x00000007c0000000)
  eden space 694272K, 0% used [0x0000000716100000,0x0000000716100000,0x0000000740700000)
  from space 109568K, 98% used [0x0000000748200000,0x000000074eaed410,0x000000074ed00000)
  to   space 124928K, 0% used [0x0000000740700000,0x0000000740700000,0x0000000748100000)
 ParOldGen       total 697856K, used 182683K [0x00000005c2200000, 0x00000005ecb80000, 0x0000000716100000)
  object space 697856K, 26% used [0x00000005c2200000,0x00000005cd466f58,0x00000005ecb80000)
 Metaspace       used 109153K, capacity 113085K, committed 113356K, reserved 1146880K
  class space    used 16181K, capacity 16738K, committed 16856K, reserved 1048576K
}
Event: 51.865 GC heap before
{Heap before GC invocations=17 (full 4):
 PSYoungGen      total 803840K, used 801717K [0x0000000716100000, 0x000000074fb00000, 0x00000007c0000000)
  eden space 694272K, 100% used [0x0000000716100000,0x0000000740700000,0x0000000740700000)
  from space 109568K, 98% used [0x0000000748200000,0x000000074eaed410,0x000000074ed00000)
  to   space 124928K, 0% used [0x0000000740700000,0x0000000740700000,0x0000000748100000)
 ParOldGen       total 697856K, used 182683K [0x00000005c2200000, 0x00000005ecb80000, 0x0000000716100000)
  object space 697856K, 26% used [0x00000005c2200000,0x00000005cd466f58,0x00000005ecb80000)
 Metaspace       used 109307K, capacity 113221K, committed 113612K, reserved 1146880K
  class space    used 16204K, capacity 16740K, committed 16856K, reserved 1048576K
Event: 51.894 GC heap after
Heap after GC invocations=17 (full 4):
 PSYoungGen      total 819200K, used 101808K [0x0000000716100000, 0x0000000758a80000, 0x00000007c0000000)
  eden space 694272K, 0% used [0x0000000716100000,0x0000000716100000,0x0000000740700000)
  from space 124928K, 81% used [0x0000000740700000,0x0000000746a6c3f8,0x0000000748100000)
  to   space 135168K, 0% used [0x0000000750680000,0x0000000750680000,0x0000000758a80000)
 ParOldGen       total 697856K, used 182691K [0x00000005c2200000, 0x00000005ecb80000, 0x0000000716100000)
  object space 697856K, 26% used [0x00000005c2200000,0x00000005cd468f58,0x00000005ecb80000)
 Metaspace       used 109307K, capacity 113221K, committed 113612K, reserved 1146880K
  class space    used 16204K, capacity 16740K, committed 16856K, reserved 1048576K
}
Event: 58.949 GC heap before
{Heap before GC invocations=18 (full 4):
 PSYoungGen      total 819200K, used 796080K [0x0000000716100000, 0x0000000758a80000, 0x00000007c0000000)
  eden space 694272K, 100% used [0x0000000716100000,0x0000000740700000,0x0000000740700000)
  from space 124928K, 81% used [0x0000000740700000,0x0000000746a6c3f8,0x0000000748100000)
  to   space 135168K, 0% used [0x0000000750680000,0x0000000750680000,0x0000000758a80000)
 ParOldGen       total 697856K, used 182691K [0x00000005c2200000, 0x00000005ecb80000, 0x0000000716100000)
  object space 697856K, 26% used [0x00000005c2200000,0x00000005cd468f58,0x00000005ecb80000)
 Metaspace       used 109975K, capacity 113959K, committed 114124K, reserved 1146880K
  class space    used 16246K, capacity 16797K, committed 16856K, reserved 1048576K
Event: 58.992 GC heap after
Heap after GC invocations=18 (full 4):
 PSYoungGen      total 931840K, used 135142K [0x0000000716100000, 0x000000075b300000, 0x00000007c0000000)
  eden space 796672K, 0% used [0x0000000716100000,0x0000000716100000,0x0000000746b00000)
  from space 135168K, 99% used [0x0000000750680000,0x0000000758a79a28,0x0000000758a80000)
  to   space 159232K, 0% used [0x0000000746b00000,0x0000000746b00000,0x0000000750680000)
 ParOldGen       total 697856K, used 191698K [0x00000005c2200000, 0x00000005ecb80000, 0x0000000716100000)
  object space 697856K, 27% used [0x00000005c2200000,0x00000005cdd34940,0x00000005ecb80000)
 Metaspace       used 109975K, capacity 113959K, committed 114124K, reserved 1146880K
  class space    used 16246K, capacity 16797K, committed 16856K, reserved 1048576K
}

