# JRE version: Java(TM) SE Runtime Environment (8.0_141-b15) (build 1.8.0_141-b15)
# Java VM: Java HotSpot(TM) 64-Bit Server VM (25.141-b15 mixed mode windows-amd64 compressed oops)
Heap:
 PSYoungGen      total 1399296K, used 617709K [0x0000000716100000, 0x0000000775600000, 0x00000007c0000000)
  eden space 1327104K, 46% used [0x0000000716100000,0x000000073b63cb20,0x0000000767100000)
  from space 72192K, 8% used [0x0000000770f80000,0x000000077157eb28,0x0000000775600000)
  to   space 117248K, 0% used [0x0000000767100000,0x0000000767100000,0x000000076e380000)
 ParOldGen       total 726016K, used 314580K [0x00000005c2200000, 0x00000005ee700000, 0x0000000716100000)
  object space 726016K, 43% used [0x00000005c2200000,0x00000005d5535130,0x00000005ee700000)
 Metaspace       used 111729K, capacity 115667K, committed 115928K, reserved 1148928K
  class space    used 16453K, capacity 17023K, committed 17152K, reserved 1048576K
GC Heap History (10 events):
Event: 59.378 GC heap before
{Heap before GC invocations=12 (full 3):
 PSYoungGen      total 869376K, used 125860K [0x0000000716100000, 0x0000000752900000, 0x00000007c0000000)
  eden space 808960K, 10% used [0x0000000716100000,0x000000071b5053b0,0x0000000747700000)
  from space 60416K, 65% used [0x000000074ee00000,0x00000007514e3ee8,0x0000000752900000)
  to   space 91136K, 0% used [0x0000000747700000,0x0000000747700000,0x000000074d000000)
 ParOldGen       total 610304K, used 146141K [0x00000005c2200000, 0x00000005e7600000, 0x0000000716100000)
  object space 610304K, 23% used [0x00000005c2200000,0x00000005cb0b77f8,0x00000005e7600000)
 Metaspace       used 94675K, capacity 98183K, committed 98280K, reserved 1132544K
  class space    used 14953K, capacity 15440K, committed 15488K, reserved 1048576K
Event: 59.394 GC heap after
Heap after GC invocations=12 (full 3):
 PSYoungGen      total 900096K, used 35780K [0x0000000716100000, 0x0000000764480000, 0x00000007c0000000)
  eden space 808960K, 0% used [0x0000000716100000,0x0000000716100000,0x0000000747700000)
  from space 91136K, 39% used [0x0000000747700000,0x00000007499f11e8,0x000000074d000000)
  to   space 86528K, 0% used [0x000000075f000000,0x000000075f000000,0x0000000764480000)
 ParOldGen       total 610304K, used 146155K [0x00000005c2200000, 0x00000005e7600000, 0x0000000716100000)
  object space 610304K, 23% used [0x00000005c2200000,0x00000005cb0bae90,0x00000005e7600000)
 Metaspace       used 94675K, capacity 98183K, committed 98280K, reserved 1132544K
  class space    used 14953K, capacity 15440K, committed 15488K, reserved 1048576K
}
Event: 59.394 GC heap before
{Heap before GC invocations=13 (full 4):
 PSYoungGen      total 900096K, used 35780K [0x0000000716100000, 0x0000000764480000, 0x00000007c0000000)
  eden space 808960K, 0% used [0x0000000716100000,0x0000000716100000,0x0000000747700000)
  from space 91136K, 39% used [0x0000000747700000,0x00000007499f11e8,0x000000074d000000)
  to   space 86528K, 0% used [0x000000075f000000,0x000000075f000000,0x0000000764480000)
 ParOldGen       total 610304K, used 146155K [0x00000005c2200000, 0x00000005e7600000, 0x0000000716100000)
  object space 610304K, 23% used [0x00000005c2200000,0x00000005cb0bae90,0x00000005e7600000)
 Metaspace       used 94675K, capacity 98183K, committed 98280K, reserved 1132544K
  class space    used 14953K, capacity 15440K, committed 15488K, reserved 1048576K
Event: 59.562 GC heap after
Heap after GC invocations=13 (full 4):
 PSYoungGen      total 900096K, used 0K [0x0000000716100000, 0x0000000764480000, 0x00000007c0000000)
  eden space 808960K, 0% used [0x0000000716100000,0x0000000716100000,0x0000000747700000)
  from space 91136K, 0% used [0x0000000747700000,0x0000000747700000,0x000000074d000000)
  to   space 86528K, 0% used [0x000000075f000000,0x000000075f000000,0x0000000764480000)
 ParOldGen       total 726016K, used 179705K [0x00000005c2200000, 0x00000005ee700000, 0x0000000716100000)
  object space 726016K, 24% used [0x00000005c2200000,0x00000005cd17e4e8,0x00000005ee700000)
 Metaspace       used 94609K, capacity 98017K, committed 98280K, reserved 1132544K
  class space    used 14950K, capacity 15430K, committed 15488K, reserved 1048576K
}
Event: 65.855 GC heap before
{Heap before GC invocations=14 (full 4):
 PSYoungGen      total 900096K, used 808960K [0x0000000716100000, 0x0000000764480000, 0x00000007c0000000)
  eden space 808960K, 100% used [0x0000000716100000,0x0000000747700000,0x0000000747700000)
  from space 91136K, 0% used [0x0000000747700000,0x0000000747700000,0x000000074d000000)
  to   space 86528K, 0% used [0x000000075f000000,0x000000075f000000,0x0000000764480000)
 ParOldGen       total 726016K, used 179707K [0x00000005c2200000, 0x00000005ee700000, 0x0000000716100000)
  object space 726016K, 24% used [0x00000005c2200000,0x00000005cd17ed40,0x00000005ee700000)
 Metaspace       used 106929K, capacity 110577K, committed 110808K, reserved 1142784K
  class space    used 16003K, capacity 16516K, committed 16640K, reserved 1048576K
Event: 65.902 GC heap after
Heap after GC invocations=14 (full 4):
 PSYoungGen      total 1155584K, used 86508K [0x0000000716100000, 0x0000000765900000, 0x00000007c0000000)
  eden space 1069056K, 0% used [0x0000000716100000,0x0000000716100000,0x0000000757500000)
  from space 86528K, 99% used [0x000000075f000000,0x000000076447b398,0x0000000764480000)
  to   space 116736K, 0% used [0x0000000757500000,0x0000000757500000,0x000000075e700000)
 ParOldGen       total 726016K, used 227978K [0x00000005c2200000, 0x00000005ee700000, 0x0000000716100000)
  object space 726016K, 31% used [0x00000005c2200000,0x00000005d00a28b8,0x00000005ee700000)
 Metaspace       used 106929K, capacity 110577K, committed 110808K, reserved 1142784K
  class space    used 16003K, capacity 16516K, committed 16640K, reserved 1048576K
}
Event: 80.140 GC heap before
{Heap before GC invocations=15 (full 4):
 PSYoungGen      total 1155584K, used 1155564K [0x0000000716100000, 0x0000000765900000, 0x00000007c0000000)
  eden space 1069056K, 100% used [0x0000000716100000,0x0000000757500000,0x0000000757500000)
  from space 86528K, 99% used [0x000000075f000000,0x000000076447b398,0x0000000764480000)
  to   space 116736K, 0% used [0x0000000757500000,0x0000000757500000,0x000000075e700000)
 ParOldGen       total 726016K, used 227978K [0x00000005c2200000, 0x00000005ee700000, 0x0000000716100000)
  object space 726016K, 31% used [0x00000005c2200000,0x00000005d00a28b8,0x00000005ee700000)
 Metaspace       used 108989K, capacity 112877K, committed 112984K, reserved 1144832K
  class space    used 16155K, capacity 16712K, committed 16768K, reserved 1048576K
Event: 80.170 GC heap after
Heap after GC invocations=15 (full 4):
 PSYoungGen      total 1185792K, used 3711K [0x0000000716100000, 0x0000000778280000, 0x00000007c0000000)
  eden space 1069056K, 0% used [0x0000000716100000,0x0000000716100000,0x0000000757500000)
  from space 116736K, 3% used [0x0000000757500000,0x000000075789fe70,0x000000075e700000)
  to   space 117760K, 0% used [0x0000000770f80000,0x0000000770f80000,0x0000000778280000)
 ParOldGen       total 726016K, used 314572K [0x00000005c2200000, 0x00000005ee700000, 0x0000000716100000)
  object space 726016K, 43% used [0x00000005c2200000,0x00000005d5533130,0x00000005ee700000)
 Metaspace       used 108989K, capacity 112877K, committed 112984K, reserved 1144832K
  class space    used 16155K, capacity 16712K, committed 16768K, reserved 1048576K
}
Event: 93.623 GC heap before
{Heap before GC invocations=16 (full 4):
 PSYoungGen      total 1185792K, used 1072767K [0x0000000716100000, 0x0000000778280000, 0x00000007c0000000)
  eden space 1069056K, 100% used [0x0000000716100000,0x0000000757500000,0x0000000757500000)
  from space 116736K, 3% used [0x0000000757500000,0x000000075789fe70,0x000000075e700000)
  to   space 117760K, 0% used [0x0000000770f80000,0x0000000770f80000,0x0000000778280000)
 ParOldGen       total 726016K, used 314572K [0x00000005c2200000, 0x00000005ee700000, 0x0000000716100000)
  object space 726016K, 43% used [0x00000005c2200000,0x00000005d5533130,0x00000005ee700000)
 Metaspace       used 110594K, capacity 114423K, committed 114776K, reserved 1146880K
  class space    used 16353K, capacity 16907K, committed 17024K, reserved 1048576K
Event: 93.628 GC heap after
Heap after GC invocations=16 (full 4):
 PSYoungGen      total 1399296K, used 6138K [0x0000000716100000, 0x0000000775600000, 0x00000007c0000000)
  eden space 1327104K, 0% used [0x0000000716100000,0x0000000716100000,0x0000000767100000)
  from space 72192K, 8% used [0x0000000770f80000,0x000000077157eb28,0x0000000775600000)
  to   space 117248K, 0% used [0x0000000767100000,0x0000000767100000,0x000000076e380000)
 ParOldGen       total 726016K, used 314580K [0x00000005c2200000, 0x00000005ee700000, 0x0000000716100000)
  object space 726016K, 43% used [0x00000005c2200000,0x00000005d5535130,0x00000005ee700000)
 Metaspace       used 110594K, capacity 114423K, committed 114776K, reserved 1146880K
  class space    used 16353K, capacity 16907K, committed 17024K, reserved 1048576K
}

