# JRE version: Java(TM) SE Runtime Environment (8.0_141-b15) (build 1.8.0_141-b15)
# Java VM: Java HotSpot(TM) 64-Bit Server VM (25.141-b15 mixed mode windows-amd64 compressed oops)
Heap:
 PSYoungGen      total 884736K, used 667734K [0x0000000716100000, 0x0000000753500000, 0x00000007c0000000)
  eden space 792576K, 73% used [0x0000000716100000,0x00000007398a4910,0x0000000746700000)
  from space 92160K, 93% used [0x000000074db00000,0x0000000752f711c8,0x0000000753500000)
  to   space 105472K, 0% used [0x0000000746700000,0x0000000746700000,0x000000074ce00000)
 ParOldGen       total 655872K, used 204499K [0x00000005c2200000, 0x00000005ea280000, 0x0000000716100000)
  object space 655872K, 31% used [0x00000005c2200000,0x00000005ce9b4e58,0x00000005ea280000)
 Metaspace       used 111638K, capacity 115691K, committed 115788K, reserved 1148928K
  class space    used 16436K, capacity 17011K, committed 17024K, reserved 1048576K
GC Heap History (10 events):
Event: 46.595 GC heap before
{Heap before GC invocations=12 (full 3):
 PSYoungGen      total 597504K, used 558843K [0x0000000716100000, 0x000000073e980000, 0x00000007c0000000)
  eden space 530944K, 100% used [0x0000000716100000,0x0000000736780000,0x0000000736780000)
  from space 66560K, 41% used [0x000000073a880000,0x000000073c3bece0,0x000000073e980000)
  to   space 66560K, 0% used [0x0000000736780000,0x0000000736780000,0x000000073a880000)
 ParOldGen       total 501760K, used 115048K [0x00000005c2200000, 0x00000005e0c00000, 0x0000000716100000)
  object space 501760K, 22% used [0x00000005c2200000,0x00000005c925a260,0x00000005e0c00000)
 Metaspace       used 86975K, capacity 90371K, committed 90584K, reserved 1126400K
  class space    used 14130K, capacity 14574K, committed 14592K, reserved 1048576K
Event: 46.617 GC heap after
Heap after GC invocations=12 (full 3):
 PSYoungGen      total 597504K, used 40793K [0x0000000716100000, 0x0000000746500000, 0x00000007c0000000)
  eden space 530944K, 0% used [0x0000000716100000,0x0000000716100000,0x0000000736780000)
  from space 66560K, 61% used [0x0000000736780000,0x0000000738f564b0,0x000000073a880000)
  to   space 66048K, 0% used [0x0000000742480000,0x0000000742480000,0x0000000746500000)
 ParOldGen       total 501760K, used 115064K [0x00000005c2200000, 0x00000005e0c00000, 0x0000000716100000)
  object space 501760K, 22% used [0x00000005c2200000,0x00000005c925e260,0x00000005e0c00000)
 Metaspace       used 86975K, capacity 90371K, committed 90584K, reserved 1126400K
  class space    used 14130K, capacity 14574K, committed 14592K, reserved 1048576K
}
Event: 47.794 GC heap before
{Heap before GC invocations=13 (full 3):
 PSYoungGen      total 597504K, used 276990K [0x0000000716100000, 0x0000000746500000, 0x00000007c0000000)
  eden space 530944K, 44% used [0x0000000716100000,0x00000007247a9580,0x0000000736780000)
  from space 66560K, 61% used [0x0000000736780000,0x0000000738f564b0,0x000000073a880000)
  to   space 66048K, 0% used [0x0000000742480000,0x0000000742480000,0x0000000746500000)
 ParOldGen       total 501760K, used 115064K [0x00000005c2200000, 0x00000005e0c00000, 0x0000000716100000)
  object space 501760K, 22% used [0x00000005c2200000,0x00000005c925e260,0x00000005e0c00000)
 Metaspace       used 94777K, capacity 98231K, committed 98380K, reserved 1132544K
  class space    used 14914K, capacity 15402K, committed 15488K, reserved 1048576K
Event: 47.810 GC heap after
Heap after GC invocations=13 (full 3):
 PSYoungGen      total 720384K, used 40202K [0x0000000716100000, 0x0000000746280000, 0x00000007c0000000)
  eden space 656896K, 0% used [0x0000000716100000,0x0000000716100000,0x000000073e280000)
  from space 63488K, 63% used [0x0000000742480000,0x0000000744bc2988,0x0000000746280000)
  to   space 65536K, 0% used [0x000000073e280000,0x000000073e280000,0x0000000742280000)
 ParOldGen       total 501760K, used 115080K [0x00000005c2200000, 0x00000005e0c00000, 0x0000000716100000)
  object space 501760K, 22% used [0x00000005c2200000,0x00000005c9262260,0x00000005e0c00000)
 Metaspace       used 94777K, capacity 98231K, committed 98380K, reserved 1132544K
  class space    used 14914K, capacity 15402K, committed 15488K, reserved 1048576K
}
Event: 47.811 GC heap before
{Heap before GC invocations=14 (full 4):
 PSYoungGen      total 720384K, used 40202K [0x0000000716100000, 0x0000000746280000, 0x00000007c0000000)
  eden space 656896K, 0% used [0x0000000716100000,0x0000000716100000,0x000000073e280000)
  from space 63488K, 63% used [0x0000000742480000,0x0000000744bc2988,0x0000000746280000)
  to   space 65536K, 0% used [0x000000073e280000,0x000000073e280000,0x0000000742280000)
 ParOldGen       total 501760K, used 115080K [0x00000005c2200000, 0x00000005e0c00000, 0x0000000716100000)
  object space 501760K, 22% used [0x00000005c2200000,0x00000005c9262260,0x00000005e0c00000)
 Metaspace       used 94777K, capacity 98231K, committed 98380K, reserved 1132544K
  class space    used 14914K, capacity 15402K, committed 15488K, reserved 1048576K
Event: 48.018 GC heap after
Heap after GC invocations=14 (full 4):
 PSYoungGen      total 720384K, used 0K [0x0000000716100000, 0x0000000746280000, 0x00000007c0000000)
  eden space 656896K, 0% used [0x0000000716100000,0x0000000716100000,0x000000073e280000)
  from space 63488K, 0% used [0x0000000742480000,0x0000000742480000,0x0000000746280000)
  to   space 65536K, 0% used [0x000000073e280000,0x000000073e280000,0x0000000742280000)
 ParOldGen       total 655872K, used 149198K [0x00000005c2200000, 0x00000005ea280000, 0x0000000716100000)
  object space 655872K, 22% used [0x00000005c2200000,0x00000005cb3b3b18,0x00000005ea280000)
 Metaspace       used 94711K, capacity 98065K, committed 98380K, reserved 1132544K
  class space    used 14910K, capacity 15392K, committed 15488K, reserved 1048576K
}
Event: 50.736 GC heap before
{Heap before GC invocations=15 (full 4):
 PSYoungGen      total 720384K, used 656896K [0x0000000716100000, 0x0000000746280000, 0x00000007c0000000)
  eden space 656896K, 100% used [0x0000000716100000,0x000000073e280000,0x000000073e280000)
  from space 63488K, 0% used [0x0000000742480000,0x0000000742480000,0x0000000746280000)
  to   space 65536K, 0% used [0x000000073e280000,0x000000073e280000,0x0000000742280000)
 ParOldGen       total 655872K, used 149198K [0x00000005c2200000, 0x00000005ea280000, 0x0000000716100000)
  object space 655872K, 22% used [0x00000005c2200000,0x00000005cb3b3b18,0x00000005ea280000)
 Metaspace       used 102452K, capacity 105957K, committed 106188K, reserved 1138688K
  class space    used 15537K, capacity 16014K, committed 16128K, reserved 1048576K
Event: 50.777 GC heap after
Heap after GC invocations=15 (full 4):
 PSYoungGen      total 722432K, used 65520K [0x0000000716100000, 0x0000000753700000, 0x00000007c0000000)
  eden space 656896K, 0% used [0x0000000716100000,0x0000000716100000,0x000000073e280000)
  from space 65536K, 99% used [0x000000073e280000,0x000000074227c140,0x0000000742280000)
  to   space 94208K, 0% used [0x000000074db00000,0x000000074db00000,0x0000000753700000)
 ParOldGen       total 655872K, used 204491K [0x00000005c2200000, 0x00000005ea280000, 0x0000000716100000)
  object space 655872K, 31% used [0x00000005c2200000,0x00000005ce9b2e58,0x00000005ea280000)
 Metaspace       used 102452K, capacity 105957K, committed 106188K, reserved 1138688K
  class space    used 15537K, capacity 16014K, committed 16128K, reserved 1048576K
}
Event: 87.637 GC heap before
{Heap before GC invocations=16 (full 4):
 PSYoungGen      total 722432K, used 722416K [0x0000000716100000, 0x0000000753700000, 0x00000007c0000000)
  eden space 656896K, 100% used [0x0000000716100000,0x000000073e280000,0x000000073e280000)
  from space 65536K, 99% used [0x000000073e280000,0x000000074227c140,0x0000000742280000)
  to   space 94208K, 0% used [0x000000074db00000,0x000000074db00000,0x0000000753700000)
 ParOldGen       total 655872K, used 204491K [0x00000005c2200000, 0x00000005ea280000, 0x0000000716100000)
  object space 655872K, 31% used [0x00000005c2200000,0x00000005ce9b2e58,0x00000005ea280000)
 Metaspace       used 110584K, capacity 114511K, committed 114764K, reserved 1146880K
  class space    used 16352K, capacity 16895K, committed 17024K, reserved 1048576K
Event: 87.669 GC heap after
Heap after GC invocations=16 (full 4):
 PSYoungGen      total 884736K, used 86468K [0x0000000716100000, 0x0000000753500000, 0x00000007c0000000)
  eden space 792576K, 0% used [0x0000000716100000,0x0000000716100000,0x0000000746700000)
  from space 92160K, 93% used [0x000000074db00000,0x0000000752f711c8,0x0000000753500000)
  to   space 105472K, 0% used [0x0000000746700000,0x0000000746700000,0x000000074ce00000)
 ParOldGen       total 655872K, used 204499K [0x00000005c2200000, 0x00000005ea280000, 0x0000000716100000)
  object space 655872K, 31% used [0x00000005c2200000,0x00000005ce9b4e58,0x00000005ea280000)
 Metaspace       used 110584K, capacity 114511K, committed 114764K, reserved 1146880K
  class space    used 16352K, capacity 16895K, committed 17024K, reserved 1048576K
}

