# JRE version: Java(TM) SE Runtime Environment (8.0_301-b09) (build 1.8.0_301-b09)
# Java VM: Java HotSpot(TM) 64-Bit Server VM (25.301-b09 mixed mode windows-amd64 compressed oops)
Heap:
 PSYoungGen      total 721408K, used 99577K [0x0000000716100000, 0x0000000754000000, 0x00000007c0000000)
  eden space 631808K, 1% used [0x0000000716100000,0x0000000716ac02d0,0x000000073ca00000)
  from space 89600K, 99% used [0x000000073ca00000,0x000000074217e300,0x0000000742180000)
  to   space 114176K, 0% used [0x000000074d080000,0x000000074d080000,0x0000000754000000)
 ParOldGen       total 700416K, used 213757K [0x00000005c2200000, 0x00000005ece00000, 0x0000000716100000)
  object space 700416K, 30% used [0x00000005c2200000,0x00000005cf2bf670,0x00000005ece00000)
 Metaspace       used 102334K, capacity 105897K, committed 106188K, reserved 1138688K
  class space    used 15520K, capacity 16016K, committed 16088K, reserved 1048576K
GC Heap History (10 events):
Event: 80.173 GC heap before
{Heap before GC invocations=11 (full 3):
 PSYoungGen      total 445440K, used 374272K [0x0000000716100000, 0x0000000742080000, 0x00000007c0000000)
  eden space 374272K, 100% used [0x0000000716100000,0x000000072ce80000,0x000000072ce80000)
  from space 71168K, 0% used [0x000000072ce80000,0x000000072ce80000,0x0000000731400000)
  to   space 105472K, 0% used [0x000000073b980000,0x000000073b980000,0x0000000742080000)
 ParOldGen       total 541696K, used 147871K [0x00000005c2200000, 0x00000005e3300000, 0x0000000716100000)
  object space 541696K, 27% used [0x00000005c2200000,0x00000005cb267f70,0x00000005e3300000)
 Metaspace       used 71180K, capacity 73789K, committed 74072K, reserved 1112064K
  class space    used 10649K, capacity 11048K, committed 11096K, reserved 1048576K
Event: 80.185 GC heap after
Heap after GC invocations=11 (full 3):
 PSYoungGen      total 619520K, used 27747K [0x0000000716100000, 0x0000000742280000, 0x00000007c0000000)
  eden space 514048K, 0% used [0x0000000716100000,0x0000000716100000,0x0000000735700000)
  from space 105472K, 26% used [0x000000073b980000,0x000000073d498d10,0x0000000742080000)
  to   space 100864K, 0% used [0x0000000735700000,0x0000000735700000,0x000000073b980000)
 ParOldGen       total 541696K, used 147885K [0x00000005c2200000, 0x00000005e3300000, 0x0000000716100000)
  object space 541696K, 27% used [0x00000005c2200000,0x00000005cb26b608,0x00000005e3300000)
 Metaspace       used 71180K, capacity 73789K, committed 74072K, reserved 1112064K
  class space    used 10649K, capacity 11048K, committed 11096K, reserved 1048576K
}
Event: 82.709 GC heap before
{Heap before GC invocations=12 (full 3):
 PSYoungGen      total 619520K, used 541795K [0x0000000716100000, 0x0000000742280000, 0x00000007c0000000)
  eden space 514048K, 100% used [0x0000000716100000,0x0000000735700000,0x0000000735700000)
  from space 105472K, 26% used [0x000000073b980000,0x000000073d498d10,0x0000000742080000)
  to   space 100864K, 0% used [0x0000000735700000,0x0000000735700000,0x000000073b980000)
 ParOldGen       total 541696K, used 147885K [0x00000005c2200000, 0x00000005e3300000, 0x0000000716100000)
  object space 541696K, 27% used [0x00000005c2200000,0x00000005cb26b608,0x00000005e3300000)
 Metaspace       used 86775K, capacity 90209K, committed 90456K, reserved 1124352K
  class space    used 14120K, capacity 14607K, committed 14680K, reserved 1048576K
Event: 82.729 GC heap after
Heap after GC invocations=12 (full 3):
 PSYoungGen      total 614912K, used 39459K [0x0000000716100000, 0x0000000747f00000, 0x00000007c0000000)
  eden space 514048K, 0% used [0x0000000716100000,0x0000000716100000,0x0000000735700000)
  from space 100864K, 39% used [0x0000000735700000,0x0000000737d88e70,0x000000073b980000)
  to   space 94720K, 0% used [0x0000000742280000,0x0000000742280000,0x0000000747f00000)
 ParOldGen       total 541696K, used 147901K [0x00000005c2200000, 0x00000005e3300000, 0x0000000716100000)
  object space 541696K, 27% used [0x00000005c2200000,0x00000005cb26f608,0x00000005e3300000)
 Metaspace       used 86775K, capacity 90209K, committed 90456K, reserved 1124352K
  class space    used 14120K, capacity 14607K, committed 14680K, reserved 1048576K
}
Event: 83.904 GC heap before
{Heap before GC invocations=13 (full 3):
 PSYoungGen      total 614912K, used 288199K [0x0000000716100000, 0x0000000747f00000, 0x00000007c0000000)
  eden space 514048K, 48% used [0x0000000716100000,0x00000007253e9118,0x0000000735700000)
  from space 100864K, 39% used [0x0000000735700000,0x0000000737d88e70,0x000000073b980000)
  to   space 94720K, 0% used [0x0000000742280000,0x0000000742280000,0x0000000747f00000)
 ParOldGen       total 541696K, used 147901K [0x00000005c2200000, 0x00000005e3300000, 0x0000000716100000)
  object space 541696K, 27% used [0x00000005c2200000,0x00000005cb26f608,0x00000005e3300000)
 Metaspace       used 94783K, capacity 98201K, committed 98380K, reserved 1132544K
  class space    used 14900K, capacity 15369K, committed 15448K, reserved 1048576K
Event: 83.920 GC heap after
Heap after GC invocations=13 (full 3):
 PSYoungGen      total 720384K, used 40394K [0x0000000716100000, 0x0000000747900000, 0x00000007c0000000)
  eden space 631808K, 0% used [0x0000000716100000,0x0000000716100000,0x000000073ca00000)
  from space 88576K, 45% used [0x0000000742280000,0x00000007449f29b8,0x0000000747900000)
  to   space 89600K, 0% used [0x000000073ca00000,0x000000073ca00000,0x0000000742180000)
 ParOldGen       total 541696K, used 147917K [0x00000005c2200000, 0x00000005e3300000, 0x0000000716100000)
  object space 541696K, 27% used [0x00000005c2200000,0x00000005cb273608,0x00000005e3300000)
 Metaspace       used 94783K, capacity 98201K, committed 98380K, reserved 1132544K
  class space    used 14900K, capacity 15369K, committed 15448K, reserved 1048576K
}
Event: 83.920 GC heap before
{Heap before GC invocations=14 (full 4):
 PSYoungGen      total 720384K, used 40394K [0x0000000716100000, 0x0000000747900000, 0x00000007c0000000)
  eden space 631808K, 0% used [0x0000000716100000,0x0000000716100000,0x000000073ca00000)
  from space 88576K, 45% used [0x0000000742280000,0x00000007449f29b8,0x0000000747900000)
  to   space 89600K, 0% used [0x000000073ca00000,0x000000073ca00000,0x0000000742180000)
 ParOldGen       total 541696K, used 147917K [0x00000005c2200000, 0x00000005e3300000, 0x0000000716100000)
  object space 541696K, 27% used [0x00000005c2200000,0x00000005cb273608,0x00000005e3300000)
 Metaspace       used 94783K, capacity 98201K, committed 98380K, reserved 1132544K
  class space    used 14900K, capacity 15369K, committed 15448K, reserved 1048576K
Event: 84.030 GC heap after
Heap after GC invocations=14 (full 4):
 PSYoungGen      total 720384K, used 0K [0x0000000716100000, 0x0000000747900000, 0x00000007c0000000)
  eden space 631808K, 0% used [0x0000000716100000,0x0000000716100000,0x000000073ca00000)
  from space 88576K, 0% used [0x0000000742280000,0x0000000742280000,0x0000000747900000)
  to   space 89600K, 0% used [0x000000073ca00000,0x000000073ca00000,0x0000000742180000)
 ParOldGen       total 700416K, used 183153K [0x00000005c2200000, 0x00000005ece00000, 0x0000000716100000)
  object space 700416K, 26% used [0x00000005c2200000,0x00000005cd4dc460,0x00000005ece00000)
 Metaspace       used 94717K, capacity 98035K, committed 98380K, reserved 1132544K
  class space    used 14896K, capacity 15359K, committed 15448K, reserved 1048576K
}
Event: 86.750 GC heap before
{Heap before GC invocations=15 (full 4):
 PSYoungGen      total 720384K, used 631808K [0x0000000716100000, 0x0000000747900000, 0x00000007c0000000)
  eden space 631808K, 100% used [0x0000000716100000,0x000000073ca00000,0x000000073ca00000)
  from space 88576K, 0% used [0x0000000742280000,0x0000000742280000,0x0000000747900000)
  to   space 89600K, 0% used [0x000000073ca00000,0x000000073ca00000,0x0000000742180000)
 ParOldGen       total 700416K, used 183153K [0x00000005c2200000, 0x00000005ece00000, 0x0000000716100000)
  object space 700416K, 26% used [0x00000005c2200000,0x00000005cd4dc460,0x00000005ece00000)
 Metaspace       used 102287K, capacity 105801K, committed 106188K, reserved 1138688K
  class space    used 15514K, capacity 15984K, committed 16088K, reserved 1048576K
Event: 86.790 GC heap after
Heap after GC invocations=15 (full 4):
 PSYoungGen      total 721408K, used 89592K [0x0000000716100000, 0x0000000754000000, 0x00000007c0000000)
  eden space 631808K, 0% used [0x0000000716100000,0x0000000716100000,0x000000073ca00000)
  from space 89600K, 99% used [0x000000073ca00000,0x000000074217e300,0x0000000742180000)
  to   space 114176K, 0% used [0x000000074d080000,0x000000074d080000,0x0000000754000000)
 ParOldGen       total 700416K, used 213757K [0x00000005c2200000, 0x00000005ece00000, 0x0000000716100000)
  object space 700416K, 30% used [0x00000005c2200000,0x00000005cf2bf670,0x00000005ece00000)
 Metaspace       used 102287K, capacity 105801K, committed 106188K, reserved 1138688K
  class space    used 15514K, capacity 15984K, committed 16088K, reserved 1048576K
}

